[0.427s] Invoking command in '/home/jin/oneday/src/oneday': PYTHONPATH=/home/jin/oneday/build/oneday/prefix_override:/home/jin/oneday/install/oneday/lib/python3.10/site-packages:${PYTHONPATH} /usr/bin/python3 -W ignore:setup.py install is deprecated setup.py egg_info --egg-base ../../build/oneday build --build-base /home/jin/oneday/build/oneday/build install --record /home/jin/oneday/build/oneday/install.log --single-version-externally-managed install_data
[0.587s] running egg_info
[0.587s] writing ../../build/oneday/oneday.egg-info/PKG-INFO
[0.588s] writing dependency_links to ../../build/oneday/oneday.egg-info/dependency_links.txt
[0.588s] writing entry points to ../../build/oneday/oneday.egg-info/entry_points.txt
[0.588s] writing requirements to ../../build/oneday/oneday.egg-info/requires.txt
[0.588s] writing top-level names to ../../build/oneday/oneday.egg-info/top_level.txt
[0.589s] reading manifest file '../../build/oneday/oneday.egg-info/SOURCES.txt'
[0.590s] writing manifest file '../../build/oneday/oneday.egg-info/SOURCES.txt'
[0.590s] running build
[0.590s] running build_py
[0.590s] copying oneday/imageServiceServer.py -> /home/jin/oneday/build/oneday/build/lib/oneday
[0.590s] running install
[0.590s] running install_lib
[0.591s] copying /home/jin/oneday/build/oneday/build/lib/oneday/imageServiceServer.py -> /home/jin/oneday/install/oneday/lib/python3.10/site-packages/oneday
[0.591s] byte-compiling /home/jin/oneday/install/oneday/lib/python3.10/site-packages/oneday/imageServiceServer.py to imageServiceServer.cpython-310.pyc
[0.592s] running install_data
[0.592s] running install_egg_info
[0.593s] removing '/home/jin/oneday/install/oneday/lib/python3.10/site-packages/oneday-0.0.0-py3.10.egg-info' (and everything under it)
[0.593s] Copying ../../build/oneday/oneday.egg-info to /home/jin/oneday/install/oneday/lib/python3.10/site-packages/oneday-0.0.0-py3.10.egg-info
[0.593s] running install_scripts
[0.607s] Installing edge script to /home/jin/oneday/install/oneday/lib/oneday
[0.607s] Installing imageServiceClient script to /home/jin/oneday/install/oneday/lib/oneday
[0.607s] Installing imageServiceServer script to /home/jin/oneday/install/oneday/lib/oneday
[0.607s] Installing imgToGray script to /home/jin/oneday/install/oneday/lib/oneday
[0.607s] Installing img_publisher script to /home/jin/oneday/install/oneday/lib/oneday
[0.607s] writing list of installed files to '/home/jin/oneday/build/oneday/install.log'
[0.623s] Invoked command in '/home/jin/oneday/src/oneday' returned '0': PYTHONPATH=/home/jin/oneday/build/oneday/prefix_override:/home/jin/oneday/install/oneday/lib/python3.10/site-packages:${PYTHONPATH} /usr/bin/python3 -W ignore:setup.py install is deprecated setup.py egg_info --egg-base ../../build/oneday build --build-base /home/jin/oneday/build/oneday/build install --record /home/jin/oneday/build/oneday/install.log --single-version-externally-managed install_data
