[0.172s] Invoking command in '/home/jin/oneday/build/oneday_msgs': CMAKE_PREFIX_PATH=${CMAKE_PREFIX_PATH}:/home/jin/oneday/install/oneday:/opt/ros/humble /usr/bin/cmake --build /home/jin/oneday/build/oneday_msgs -- -j8 -l8
[0.189s] -- Found ament_cmake: 1.3.8 (/opt/ros/humble/share/ament_cmake/cmake)
[0.286s] -- Found rosidl_default_generators: 1.2.0 (/opt/ros/humble/share/rosidl_default_generators/cmake)
[0.288s] -- Using all available rosidl_typesupport_c: rosidl_typesupport_fastrtps_c;rosidl_typesupport_introspection_c
[0.291s] -- Found rosidl_adapter: 3.1.5 (/opt/ros/humble/share/rosidl_adapter/cmake)
[0.321s] -- Using all available rosidl_typesupport_cpp: rosidl_typesupport_fastrtps_cpp;rosidl_typesupport_introspection_cpp
[0.511s] -- Found ament_cmake_ros: 0.10.0 (/opt/ros/humble/share/ament_cmake_ros/cmake)
[0.634s] -- Using all available rosidl_typesupport_c: rosidl_typesupport_fastrtps_c;rosidl_typesupport_introspection_c
[0.779s] -- Using all available rosidl_typesupport_cpp: rosidl_typesupport_fastrtps_cpp;rosidl_typesupport_introspection_cpp
[0.795s] -- Found python_cmake_module: 0.10.0 (/opt/ros/humble/share/python_cmake_module/cmake)
[0.809s] -- Using PYTHON_EXECUTABLE: /usr/bin/python3
[0.809s] -- Using PYTHON_INCLUDE_DIRS: /usr/include/python3.10
[0.810s] -- Using PYTHON_LIBRARIES: /usr/lib/x86_64-linux-gnu/libpython3.10.so
[0.817s] -- Found ament_lint_auto: 0.12.10 (/opt/ros/humble/share/ament_lint_auto/cmake)
[0.834s] -- Added test 'lint_cmake' to check CMake code style
[0.835s] -- Added test 'xmllint' to check XML markup files
[0.837s] -- Configuring done
[0.858s] -- Generating done
[0.860s] -- Build files have been written to: /home/jin/oneday/build/oneday_msgs
[0.875s] [  2%] [34m[1mGenerating C code for ROS interfaces[0m
[0.881s] [  5%] [34m[1mGenerating C++ code for ROS interfaces[0m
[0.886s] [  5%] Built target ament_cmake_python_copy_oneday_msgs
[1.053s] running egg_info
[1.053s] writing oneday_msgs.egg-info/PKG-INFO
[1.053s] writing dependency_links to oneday_msgs.egg-info/dependency_links.txt
[1.053s] writing top-level names to oneday_msgs.egg-info/top_level.txt
[1.055s] reading manifest file 'oneday_msgs.egg-info/SOURCES.txt'
[1.056s] writing manifest file 'oneday_msgs.egg-info/SOURCES.txt'
[1.073s] [  5%] Built target ament_cmake_python_build_oneday_msgs_egg
[1.103s] [  5%] Built target oneday_msgs__cpp
[1.110s] [  7%] [34m[1mGenerating C++ type support dispatch for ROS interfaces[0m
[1.110s] [ 10%] [34m[1mGenerating C++ introspection for ROS interfaces[0m
[1.111s] [ 12%] [34m[1mGenerating C++ type support for eProsima Fast-RTPS[0m
[1.117s] [35m[1mConsolidate compiler generated dependencies of target oneday_msgs__rosidl_generator_c[0m
[1.127s] [ 17%] [32mBuilding C object CMakeFiles/oneday_msgs__rosidl_generator_c.dir/rosidl_generator_c/oneday_msgs/srv/detail/snapshot__functions.c.o[0m
[1.127s] [ 17%] [32mBuilding C object CMakeFiles/oneday_msgs__rosidl_generator_c.dir/rosidl_generator_c/oneday_msgs/srv/detail/recoding__functions.c.o[0m
[1.186s] [ 20%] [32m[1mLinking C shared library liboneday_msgs__rosidl_generator_c.so[0m
[1.212s] [ 20%] Built target oneday_msgs__rosidl_generator_c
[1.219s] [ 23%] [34m[1mGenerating C introspection for ROS interfaces[0m
[1.222s] [ 25%] [34m[1mGenerating C type support for eProsima Fast-RTPS[0m
[1.223s] [ 28%] [34m[1mGenerating C type support dispatch for ROS interfaces[0m
[1.382s] [35m[1mConsolidate compiler generated dependencies of target oneday_msgs__rosidl_typesupport_cpp[0m
[1.383s] [35m[1mConsolidate compiler generated dependencies of target oneday_msgs__rosidl_typesupport_introspection_cpp[0m
[1.392s] [35m[1mConsolidate compiler generated dependencies of target oneday_msgs__rosidl_typesupport_fastrtps_cpp[0m
[1.393s] [ 33%] [32mBuilding CXX object CMakeFiles/oneday_msgs__rosidl_typesupport_introspection_cpp.dir/rosidl_typesupport_introspection_cpp/oneday_msgs/srv/detail/recoding__type_support.cpp.o[0m
[1.393s] [ 33%] [32mBuilding CXX object CMakeFiles/oneday_msgs__rosidl_typesupport_introspection_cpp.dir/rosidl_typesupport_introspection_cpp/oneday_msgs/srv/detail/snapshot__type_support.cpp.o[0m
[1.394s] [ 35%] [32mBuilding CXX object CMakeFiles/oneday_msgs__rosidl_typesupport_cpp.dir/rosidl_typesupport_cpp/oneday_msgs/srv/snapshot__type_support.cpp.o[0m
[1.395s] [ 38%] [32mBuilding CXX object CMakeFiles/oneday_msgs__rosidl_typesupport_cpp.dir/rosidl_typesupport_cpp/oneday_msgs/srv/recoding__type_support.cpp.o[0m
[1.409s] [ 41%] [32mBuilding CXX object CMakeFiles/oneday_msgs__rosidl_typesupport_fastrtps_cpp.dir/rosidl_typesupport_fastrtps_cpp/oneday_msgs/srv/detail/dds_fastrtps/snapshot__type_support.cpp.o[0m
[1.455s] [35m[1mConsolidate compiler generated dependencies of target oneday_msgs__rosidl_typesupport_c[0m
[1.466s] [ 43%] [32mBuilding CXX object CMakeFiles/oneday_msgs__rosidl_typesupport_c.dir/rosidl_typesupport_c/oneday_msgs/srv/snapshot__type_support.cpp.o[0m
[1.507s] [ 46%] [32mBuilding CXX object CMakeFiles/oneday_msgs__rosidl_typesupport_c.dir/rosidl_typesupport_c/oneday_msgs/srv/recoding__type_support.cpp.o[0m
[1.551s] [ 48%] [32m[1mLinking CXX shared library liboneday_msgs__rosidl_typesupport_c.so[0m
[1.617s] [35m[1mConsolidate compiler generated dependencies of target oneday_msgs__rosidl_typesupport_introspection_c[0m
[1.631s] [35m[1mConsolidate compiler generated dependencies of target oneday_msgs__rosidl_typesupport_fastrtps_c[0m
[1.635s] [ 48%] Built target oneday_msgs__rosidl_typesupport_c
[1.639s] [ 51%] [32mBuilding C object CMakeFiles/oneday_msgs__rosidl_typesupport_introspection_c.dir/rosidl_typesupport_introspection_c/oneday_msgs/srv/detail/snapshot__type_support.c.o[0m
[1.644s] [ 53%] [32mBuilding C object CMakeFiles/oneday_msgs__rosidl_typesupport_introspection_c.dir/rosidl_typesupport_introspection_c/oneday_msgs/srv/detail/recoding__type_support.c.o[0m
[1.664s] [ 56%] [32mBuilding CXX object CMakeFiles/oneday_msgs__rosidl_typesupport_fastrtps_c.dir/rosidl_typesupport_fastrtps_c/oneday_msgs/srv/detail/snapshot__type_support_c.cpp.o[0m
[1.681s] [ 58%] [32mBuilding CXX object CMakeFiles/oneday_msgs__rosidl_typesupport_fastrtps_c.dir/rosidl_typesupport_fastrtps_c/oneday_msgs/srv/detail/recoding__type_support_c.cpp.o[0m
[1.684s] [ 61%] [32m[1mLinking C shared library liboneday_msgs__rosidl_typesupport_introspection_c.so[0m
[1.689s] [ 64%] [32mBuilding CXX object CMakeFiles/oneday_msgs__rosidl_typesupport_fastrtps_cpp.dir/rosidl_typesupport_fastrtps_cpp/oneday_msgs/srv/detail/dds_fastrtps/recoding__type_support.cpp.o[0m
[1.715s] [ 64%] Built target oneday_msgs__rosidl_typesupport_introspection_c
[1.732s] [ 66%] [32m[1mLinking CXX shared library liboneday_msgs__rosidl_typesupport_cpp.so[0m
[1.796s] [ 66%] Built target oneday_msgs__rosidl_typesupport_cpp
[1.839s] [ 69%] [32m[1mLinking CXX shared library liboneday_msgs__rosidl_typesupport_introspection_cpp.so[0m
[1.904s] [ 69%] Built target oneday_msgs__rosidl_typesupport_introspection_cpp
[1.979s] [ 71%] [32m[1mLinking CXX shared library liboneday_msgs__rosidl_typesupport_fastrtps_c.so[0m
[2.012s] [ 74%] [32m[1mLinking CXX shared library liboneday_msgs__rosidl_typesupport_fastrtps_cpp.so[0m
[2.027s] [ 74%] Built target oneday_msgs__rosidl_typesupport_fastrtps_c
[2.059s] [ 74%] Built target oneday_msgs__rosidl_typesupport_fastrtps_cpp
[2.073s] [ 74%] Built target oneday_msgs
[2.089s] [ 76%] [34m[1mGenerating Python code for ROS interfaces[0m
[2.398s] [ 76%] Built target oneday_msgs__py
[2.405s] [35m[1mConsolidate compiler generated dependencies of target oneday_msgs__rosidl_generator_py[0m
[2.413s] [ 82%] [32mBuilding C object CMakeFiles/oneday_msgs__rosidl_generator_py.dir/rosidl_generator_py/oneday_msgs/srv/_recoding_s.c.o[0m
[2.413s] [ 82%] [32mBuilding C object CMakeFiles/oneday_msgs__rosidl_generator_py.dir/rosidl_generator_py/oneday_msgs/srv/_snapshot_s.c.o[0m
[2.500s] [ 84%] [32m[1mLinking C shared library rosidl_generator_py/oneday_msgs/liboneday_msgs__rosidl_generator_py.so[0m
[2.526s] [ 84%] Built target oneday_msgs__rosidl_generator_py
[2.533s] [35m[1mConsolidate compiler generated dependencies of target oneday_msgs__rosidl_typesupport_c__pyext[0m
[2.533s] [35m[1mConsolidate compiler generated dependencies of target oneday_msgs__rosidl_typesupport_introspection_c__pyext[0m
[2.533s] [35m[1mConsolidate compiler generated dependencies of target oneday_msgs__rosidl_typesupport_fastrtps_c__pyext[0m
[2.542s] [ 92%] [32mBuilding C object CMakeFiles/oneday_msgs__rosidl_typesupport_fastrtps_c__pyext.dir/rosidl_generator_py/oneday_msgs/_oneday_msgs_s.ep.rosidl_typesupport_fastrtps_c.c.o[0m
[2.542s] [ 92%] [32mBuilding C object CMakeFiles/oneday_msgs__rosidl_typesupport_c__pyext.dir/rosidl_generator_py/oneday_msgs/_oneday_msgs_s.ep.rosidl_typesupport_c.c.o[0m
[2.542s] [ 92%] [32mBuilding C object CMakeFiles/oneday_msgs__rosidl_typesupport_introspection_c__pyext.dir/rosidl_generator_py/oneday_msgs/_oneday_msgs_s.ep.rosidl_typesupport_introspection_c.c.o[0m
[2.606s] [ 97%] [32m[1mLinking C shared library rosidl_generator_py/oneday_msgs/oneday_msgs_s__rosidl_typesupport_c.cpython-310-x86_64-linux-gnu.so[0m
[2.606s] [ 97%] [32m[1mLinking C shared library rosidl_generator_py/oneday_msgs/oneday_msgs_s__rosidl_typesupport_introspection_c.cpython-310-x86_64-linux-gnu.so[0m
[2.606s] [100%] [32m[1mLinking C shared library rosidl_generator_py/oneday_msgs/oneday_msgs_s__rosidl_typesupport_fastrtps_c.cpython-310-x86_64-linux-gnu.so[0m
[2.627s] [100%] Built target oneday_msgs__rosidl_typesupport_fastrtps_c__pyext
[2.627s] [100%] Built target oneday_msgs__rosidl_typesupport_c__pyext
[2.627s] [100%] Built target oneday_msgs__rosidl_typesupport_introspection_c__pyext
[2.634s] Invoked command in '/home/jin/oneday/build/oneday_msgs' returned '0': CMAKE_PREFIX_PATH=${CMAKE_PREFIX_PATH}:/home/jin/oneday/install/oneday:/opt/ros/humble /usr/bin/cmake --build /home/jin/oneday/build/oneday_msgs -- -j8 -l8
[2.687s] Invoking command in '/home/jin/oneday/build/oneday_msgs': CMAKE_PREFIX_PATH=${CMAKE_PREFIX_PATH}:/home/jin/oneday/install/oneday:/opt/ros/humble /usr/bin/cmake --install /home/jin/oneday/build/oneday_msgs
[2.692s] -- Install configuration: ""
[2.692s] -- Installing: /home/jin/oneday/install/oneday_msgs/share/ament_index/resource_index/rosidl_interfaces/oneday_msgs
[2.692s] -- Up-to-date: /home/jin/oneday/install/oneday_msgs/include/oneday_msgs/oneday_msgs
[2.692s] -- Up-to-date: /home/jin/oneday/install/oneday_msgs/include/oneday_msgs/oneday_msgs/msg
[2.692s] -- Up-to-date: /home/jin/oneday/install/oneday_msgs/include/oneday_msgs/oneday_msgs/msg/rosidl_generator_c__visibility_control.h
[2.692s] -- Up-to-date: /home/jin/oneday/install/oneday_msgs/include/oneday_msgs/oneday_msgs/srv
[2.692s] -- Up-to-date: /home/jin/oneday/install/oneday_msgs/include/oneday_msgs/oneday_msgs/srv/detail
[2.692s] -- Installing: /home/jin/oneday/install/oneday_msgs/include/oneday_msgs/oneday_msgs/srv/detail/snapshot__functions.h
[2.692s] -- Installing: /home/jin/oneday/install/oneday_msgs/include/oneday_msgs/oneday_msgs/srv/detail/snapshot__functions.c
[2.692s] -- Installing: /home/jin/oneday/install/oneday_msgs/include/oneday_msgs/oneday_msgs/srv/detail/snapshot__type_support.h
[2.692s] -- Installing: /home/jin/oneday/install/oneday_msgs/include/oneday_msgs/oneday_msgs/srv/detail/recoding__functions.c
[2.692s] -- Installing: /home/jin/oneday/install/oneday_msgs/include/oneday_msgs/oneday_msgs/srv/detail/recoding__type_support.h
[2.692s] -- Installing: /home/jin/oneday/install/oneday_msgs/include/oneday_msgs/oneday_msgs/srv/detail/recoding__struct.h
[2.692s] -- Installing: /home/jin/oneday/install/oneday_msgs/include/oneday_msgs/oneday_msgs/srv/detail/snapshot__struct.h
[2.692s] -- Installing: /home/jin/oneday/install/oneday_msgs/include/oneday_msgs/oneday_msgs/srv/detail/recoding__functions.h
[2.693s] -- Installing: /home/jin/oneday/install/oneday_msgs/include/oneday_msgs/oneday_msgs/srv/recoding.h
[2.693s] -- Installing: /home/jin/oneday/install/oneday_msgs/include/oneday_msgs/oneday_msgs/srv/snapshot.h
[2.693s] -- Up-to-date: /home/jin/oneday/install/oneday_msgs/share/oneday_msgs/environment/library_path.sh
[2.693s] -- Installing: /home/jin/oneday/install/oneday_msgs/share/oneday_msgs/environment/library_path.dsv
[2.693s] -- Installing: /home/jin/oneday/install/oneday_msgs/lib/liboneday_msgs__rosidl_generator_c.so
[2.693s] -- Set runtime path of "/home/jin/oneday/install/oneday_msgs/lib/liboneday_msgs__rosidl_generator_c.so" to ""
[2.693s] -- Up-to-date: /home/jin/oneday/install/oneday_msgs/include/oneday_msgs/oneday_msgs
[2.693s] -- Up-to-date: /home/jin/oneday/install/oneday_msgs/include/oneday_msgs/oneday_msgs/msg
[2.693s] -- Up-to-date: /home/jin/oneday/install/oneday_msgs/include/oneday_msgs/oneday_msgs/msg/rosidl_typesupport_fastrtps_c__visibility_control.h
[2.693s] -- Up-to-date: /home/jin/oneday/install/oneday_msgs/include/oneday_msgs/oneday_msgs/srv
[2.693s] -- Up-to-date: /home/jin/oneday/install/oneday_msgs/include/oneday_msgs/oneday_msgs/srv/detail
[2.693s] -- Installing: /home/jin/oneday/install/oneday_msgs/include/oneday_msgs/oneday_msgs/srv/detail/recoding__rosidl_typesupport_fastrtps_c.h
[2.693s] -- Installing: /home/jin/oneday/install/oneday_msgs/include/oneday_msgs/oneday_msgs/srv/detail/snapshot__rosidl_typesupport_fastrtps_c.h
[2.694s] -- Installing: /home/jin/oneday/install/oneday_msgs/lib/liboneday_msgs__rosidl_typesupport_fastrtps_c.so
[2.694s] -- Set runtime path of "/home/jin/oneday/install/oneday_msgs/lib/liboneday_msgs__rosidl_typesupport_fastrtps_c.so" to ""
[2.694s] -- Up-to-date: /home/jin/oneday/install/oneday_msgs/include/oneday_msgs/oneday_msgs
[2.694s] -- Up-to-date: /home/jin/oneday/install/oneday_msgs/include/oneday_msgs/oneday_msgs/msg
[2.694s] -- Up-to-date: /home/jin/oneday/install/oneday_msgs/include/oneday_msgs/oneday_msgs/msg/rosidl_typesupport_introspection_c__visibility_control.h
[2.694s] -- Up-to-date: /home/jin/oneday/install/oneday_msgs/include/oneday_msgs/oneday_msgs/srv
[2.694s] -- Up-to-date: /home/jin/oneday/install/oneday_msgs/include/oneday_msgs/oneday_msgs/srv/detail
[2.694s] -- Installing: /home/jin/oneday/install/oneday_msgs/include/oneday_msgs/oneday_msgs/srv/detail/snapshot__rosidl_typesupport_introspection_c.h
[2.694s] -- Installing: /home/jin/oneday/install/oneday_msgs/include/oneday_msgs/oneday_msgs/srv/detail/recoding__type_support.c
[2.694s] -- Installing: /home/jin/oneday/install/oneday_msgs/include/oneday_msgs/oneday_msgs/srv/detail/snapshot__type_support.c
[2.694s] -- Installing: /home/jin/oneday/install/oneday_msgs/include/oneday_msgs/oneday_msgs/srv/detail/recoding__rosidl_typesupport_introspection_c.h
[2.694s] -- Installing: /home/jin/oneday/install/oneday_msgs/lib/liboneday_msgs__rosidl_typesupport_introspection_c.so
[2.694s] -- Set runtime path of "/home/jin/oneday/install/oneday_msgs/lib/liboneday_msgs__rosidl_typesupport_introspection_c.so" to ""
[2.694s] -- Installing: /home/jin/oneday/install/oneday_msgs/lib/liboneday_msgs__rosidl_typesupport_c.so
[2.695s] -- Set runtime path of "/home/jin/oneday/install/oneday_msgs/lib/liboneday_msgs__rosidl_typesupport_c.so" to ""
[2.695s] -- Up-to-date: /home/jin/oneday/install/oneday_msgs/include/oneday_msgs/oneday_msgs
[2.695s] -- Up-to-date: /home/jin/oneday/install/oneday_msgs/include/oneday_msgs/oneday_msgs/srv
[2.695s] -- Installing: /home/jin/oneday/install/oneday_msgs/include/oneday_msgs/oneday_msgs/srv/snapshot.hpp
[2.695s] -- Up-to-date: /home/jin/oneday/install/oneday_msgs/include/oneday_msgs/oneday_msgs/srv/detail
[2.695s] -- Installing: /home/jin/oneday/install/oneday_msgs/include/oneday_msgs/oneday_msgs/srv/detail/recoding__traits.hpp
[2.695s] -- Installing: /home/jin/oneday/install/oneday_msgs/include/oneday_msgs/oneday_msgs/srv/detail/snapshot__traits.hpp
[2.695s] -- Installing: /home/jin/oneday/install/oneday_msgs/include/oneday_msgs/oneday_msgs/srv/detail/recoding__struct.hpp
[2.695s] -- Installing: /home/jin/oneday/install/oneday_msgs/include/oneday_msgs/oneday_msgs/srv/detail/snapshot__builder.hpp
[2.695s] -- Installing: /home/jin/oneday/install/oneday_msgs/include/oneday_msgs/oneday_msgs/srv/detail/recoding__builder.hpp
[2.695s] -- Installing: /home/jin/oneday/install/oneday_msgs/include/oneday_msgs/oneday_msgs/srv/detail/snapshot__struct.hpp
[2.695s] -- Installing: /home/jin/oneday/install/oneday_msgs/include/oneday_msgs/oneday_msgs/srv/recoding.hpp
[2.695s] -- Up-to-date: /home/jin/oneday/install/oneday_msgs/include/oneday_msgs/oneday_msgs
[2.695s] -- Up-to-date: /home/jin/oneday/install/oneday_msgs/include/oneday_msgs/oneday_msgs/msg
[2.695s] -- Up-to-date: /home/jin/oneday/install/oneday_msgs/include/oneday_msgs/oneday_msgs/msg/rosidl_typesupport_fastrtps_cpp__visibility_control.h
[2.695s] -- Up-to-date: /home/jin/oneday/install/oneday_msgs/include/oneday_msgs/oneday_msgs/srv
[2.695s] -- Up-to-date: /home/jin/oneday/install/oneday_msgs/include/oneday_msgs/oneday_msgs/srv/detail
[2.695s] -- Installing: /home/jin/oneday/install/oneday_msgs/include/oneday_msgs/oneday_msgs/srv/detail/snapshot__rosidl_typesupport_fastrtps_cpp.hpp
[2.695s] -- Up-to-date: /home/jin/oneday/install/oneday_msgs/include/oneday_msgs/oneday_msgs/srv/detail/dds_fastrtps
[2.696s] -- Installing: /home/jin/oneday/install/oneday_msgs/include/oneday_msgs/oneday_msgs/srv/detail/recoding__rosidl_typesupport_fastrtps_cpp.hpp
[2.696s] -- Installing: /home/jin/oneday/install/oneday_msgs/lib/liboneday_msgs__rosidl_typesupport_fastrtps_cpp.so
[2.696s] -- Set runtime path of "/home/jin/oneday/install/oneday_msgs/lib/liboneday_msgs__rosidl_typesupport_fastrtps_cpp.so" to ""
[2.696s] -- Up-to-date: /home/jin/oneday/install/oneday_msgs/include/oneday_msgs/oneday_msgs
[2.696s] -- Up-to-date: /home/jin/oneday/install/oneday_msgs/include/oneday_msgs/oneday_msgs/srv
[2.696s] -- Up-to-date: /home/jin/oneday/install/oneday_msgs/include/oneday_msgs/oneday_msgs/srv/detail
[2.696s] -- Installing: /home/jin/oneday/install/oneday_msgs/include/oneday_msgs/oneday_msgs/srv/detail/recoding__type_support.cpp
[2.696s] -- Installing: /home/jin/oneday/install/oneday_msgs/include/oneday_msgs/oneday_msgs/srv/detail/snapshot__rosidl_typesupport_introspection_cpp.hpp
[2.696s] -- Installing: /home/jin/oneday/install/oneday_msgs/include/oneday_msgs/oneday_msgs/srv/detail/recoding__rosidl_typesupport_introspection_cpp.hpp
[2.696s] -- Installing: /home/jin/oneday/install/oneday_msgs/include/oneday_msgs/oneday_msgs/srv/detail/snapshot__type_support.cpp
[2.696s] -- Installing: /home/jin/oneday/install/oneday_msgs/lib/liboneday_msgs__rosidl_typesupport_introspection_cpp.so
[2.696s] -- Set runtime path of "/home/jin/oneday/install/oneday_msgs/lib/liboneday_msgs__rosidl_typesupport_introspection_cpp.so" to ""
[2.696s] -- Installing: /home/jin/oneday/install/oneday_msgs/lib/liboneday_msgs__rosidl_typesupport_cpp.so
[2.697s] -- Set runtime path of "/home/jin/oneday/install/oneday_msgs/lib/liboneday_msgs__rosidl_typesupport_cpp.so" to ""
[2.697s] -- Up-to-date: /home/jin/oneday/install/oneday_msgs/share/oneday_msgs/environment/pythonpath.sh
[2.697s] -- Installing: /home/jin/oneday/install/oneday_msgs/share/oneday_msgs/environment/pythonpath.dsv
[2.697s] -- Up-to-date: /home/jin/oneday/install/oneday_msgs/local/lib/python3.10/dist-packages/oneday_msgs-0.0.0-py3.10.egg-info
[2.697s] -- Installing: /home/jin/oneday/install/oneday_msgs/local/lib/python3.10/dist-packages/oneday_msgs-0.0.0-py3.10.egg-info/top_level.txt
[2.697s] -- Installing: /home/jin/oneday/install/oneday_msgs/local/lib/python3.10/dist-packages/oneday_msgs-0.0.0-py3.10.egg-info/dependency_links.txt
[2.697s] -- Installing: /home/jin/oneday/install/oneday_msgs/local/lib/python3.10/dist-packages/oneday_msgs-0.0.0-py3.10.egg-info/PKG-INFO
[2.697s] -- Installing: /home/jin/oneday/install/oneday_msgs/local/lib/python3.10/dist-packages/oneday_msgs-0.0.0-py3.10.egg-info/SOURCES.txt
[2.697s] -- Up-to-date: /home/jin/oneday/install/oneday_msgs/local/lib/python3.10/dist-packages/oneday_msgs
[2.697s] -- Installing: /home/jin/oneday/install/oneday_msgs/local/lib/python3.10/dist-packages/oneday_msgs/__init__.py
[2.697s] -- Up-to-date: /home/jin/oneday/install/oneday_msgs/local/lib/python3.10/dist-packages/oneday_msgs/srv
[2.697s] -- Installing: /home/jin/oneday/install/oneday_msgs/local/lib/python3.10/dist-packages/oneday_msgs/srv/__init__.py
[2.697s] -- Installing: /home/jin/oneday/install/oneday_msgs/local/lib/python3.10/dist-packages/oneday_msgs/srv/_snapshot.py
[2.697s] -- Installing: /home/jin/oneday/install/oneday_msgs/local/lib/python3.10/dist-packages/oneday_msgs/srv/_snapshot_s.c
[2.697s] -- Installing: /home/jin/oneday/install/oneday_msgs/local/lib/python3.10/dist-packages/oneday_msgs/srv/_recoding.py
[2.697s] -- Installing: /home/jin/oneday/install/oneday_msgs/local/lib/python3.10/dist-packages/oneday_msgs/srv/_recoding_s.c
[2.697s] -- Installing: /home/jin/oneday/install/oneday_msgs/local/lib/python3.10/dist-packages/oneday_msgs/liboneday_msgs__rosidl_generator_py.so
[2.698s] -- Installing: /home/jin/oneday/install/oneday_msgs/local/lib/python3.10/dist-packages/oneday_msgs/_oneday_msgs_s.ep.rosidl_typesupport_c.c
[2.698s] -- Installing: /home/jin/oneday/install/oneday_msgs/local/lib/python3.10/dist-packages/oneday_msgs/_oneday_msgs_s.ep.rosidl_typesupport_fastrtps_c.c
[2.698s] -- Installing: /home/jin/oneday/install/oneday_msgs/local/lib/python3.10/dist-packages/oneday_msgs/oneday_msgs_s__rosidl_typesupport_c.cpython-310-x86_64-linux-gnu.so
[2.698s] -- Installing: /home/jin/oneday/install/oneday_msgs/local/lib/python3.10/dist-packages/oneday_msgs/oneday_msgs_s__rosidl_typesupport_introspection_c.cpython-310-x86_64-linux-gnu.so
[2.698s] -- Installing: /home/jin/oneday/install/oneday_msgs/local/lib/python3.10/dist-packages/oneday_msgs/oneday_msgs_s__rosidl_typesupport_fastrtps_c.cpython-310-x86_64-linux-gnu.so
[2.698s] -- Installing: /home/jin/oneday/install/oneday_msgs/local/lib/python3.10/dist-packages/oneday_msgs/_oneday_msgs_s.ep.rosidl_typesupport_introspection_c.c
[2.720s] Listing '/home/jin/oneday/install/oneday_msgs/local/lib/python3.10/dist-packages/oneday_msgs'...
[2.720s] Compiling '/home/jin/oneday/install/oneday_msgs/local/lib/python3.10/dist-packages/oneday_msgs/__init__.py'...
[2.720s] Listing '/home/jin/oneday/install/oneday_msgs/local/lib/python3.10/dist-packages/oneday_msgs/srv'...
[2.720s] Compiling '/home/jin/oneday/install/oneday_msgs/local/lib/python3.10/dist-packages/oneday_msgs/srv/__init__.py'...
[2.720s] Compiling '/home/jin/oneday/install/oneday_msgs/local/lib/python3.10/dist-packages/oneday_msgs/srv/_recoding.py'...
[2.720s] Compiling '/home/jin/oneday/install/oneday_msgs/local/lib/python3.10/dist-packages/oneday_msgs/srv/_snapshot.py'...
[2.723s] -- Installing: /home/jin/oneday/install/oneday_msgs/local/lib/python3.10/dist-packages/oneday_msgs/oneday_msgs_s__rosidl_typesupport_fastrtps_c.cpython-310-x86_64-linux-gnu.so
[2.723s] -- Set runtime path of "/home/jin/oneday/install/oneday_msgs/local/lib/python3.10/dist-packages/oneday_msgs/oneday_msgs_s__rosidl_typesupport_fastrtps_c.cpython-310-x86_64-linux-gnu.so" to ""
[2.723s] -- Installing: /home/jin/oneday/install/oneday_msgs/local/lib/python3.10/dist-packages/oneday_msgs/oneday_msgs_s__rosidl_typesupport_introspection_c.cpython-310-x86_64-linux-gnu.so
[2.723s] -- Set runtime path of "/home/jin/oneday/install/oneday_msgs/local/lib/python3.10/dist-packages/oneday_msgs/oneday_msgs_s__rosidl_typesupport_introspection_c.cpython-310-x86_64-linux-gnu.so" to ""
[2.723s] -- Installing: /home/jin/oneday/install/oneday_msgs/local/lib/python3.10/dist-packages/oneday_msgs/oneday_msgs_s__rosidl_typesupport_c.cpython-310-x86_64-linux-gnu.so
[2.723s] -- Set runtime path of "/home/jin/oneday/install/oneday_msgs/local/lib/python3.10/dist-packages/oneday_msgs/oneday_msgs_s__rosidl_typesupport_c.cpython-310-x86_64-linux-gnu.so" to ""
[2.723s] -- Installing: /home/jin/oneday/install/oneday_msgs/lib/liboneday_msgs__rosidl_generator_py.so
[2.724s] -- Set runtime path of "/home/jin/oneday/install/oneday_msgs/lib/liboneday_msgs__rosidl_generator_py.so" to ""
[2.724s] -- Up-to-date: /home/jin/oneday/install/oneday_msgs/share/oneday_msgs/srv/Snapshot.idl
[2.724s] -- Installing: /home/jin/oneday/install/oneday_msgs/share/oneday_msgs/srv/Recoding.idl
[2.724s] -- Up-to-date: /home/jin/oneday/install/oneday_msgs/share/oneday_msgs/srv/Snapshot.srv
[2.724s] -- Up-to-date: /home/jin/oneday/install/oneday_msgs/share/oneday_msgs/srv/Snapshot_Request.msg
[2.724s] -- Up-to-date: /home/jin/oneday/install/oneday_msgs/share/oneday_msgs/srv/Snapshot_Response.msg
[2.724s] -- Installing: /home/jin/oneday/install/oneday_msgs/share/oneday_msgs/srv/Recoding.srv
[2.724s] -- Installing: /home/jin/oneday/install/oneday_msgs/share/oneday_msgs/srv/Recoding_Request.msg
[2.724s] -- Installing: /home/jin/oneday/install/oneday_msgs/share/oneday_msgs/srv/Recoding_Response.msg
[2.724s] -- Up-to-date: /home/jin/oneday/install/oneday_msgs/share/ament_index/resource_index/package_run_dependencies/oneday_msgs
[2.724s] -- Up-to-date: /home/jin/oneday/install/oneday_msgs/share/ament_index/resource_index/parent_prefix_path/oneday_msgs
[2.724s] -- Up-to-date: /home/jin/oneday/install/oneday_msgs/share/oneday_msgs/environment/ament_prefix_path.sh
[2.724s] -- Installing: /home/jin/oneday/install/oneday_msgs/share/oneday_msgs/environment/ament_prefix_path.dsv
[2.724s] -- Up-to-date: /home/jin/oneday/install/oneday_msgs/share/oneday_msgs/environment/path.sh
[2.724s] -- Installing: /home/jin/oneday/install/oneday_msgs/share/oneday_msgs/environment/path.dsv
[2.724s] -- Up-to-date: /home/jin/oneday/install/oneday_msgs/share/oneday_msgs/local_setup.bash
[2.724s] -- Up-to-date: /home/jin/oneday/install/oneday_msgs/share/oneday_msgs/local_setup.sh
[2.724s] -- Up-to-date: /home/jin/oneday/install/oneday_msgs/share/oneday_msgs/local_setup.zsh
[2.725s] -- Installing: /home/jin/oneday/install/oneday_msgs/share/oneday_msgs/local_setup.dsv
[2.725s] -- Installing: /home/jin/oneday/install/oneday_msgs/share/oneday_msgs/package.dsv
[2.725s] -- Up-to-date: /home/jin/oneday/install/oneday_msgs/share/ament_index/resource_index/packages/oneday_msgs
[2.725s] -- Up-to-date: /home/jin/oneday/install/oneday_msgs/share/oneday_msgs/cmake/export_oneday_msgs__rosidl_generator_cExport.cmake
[2.725s] -- Up-to-date: /home/jin/oneday/install/oneday_msgs/share/oneday_msgs/cmake/export_oneday_msgs__rosidl_generator_cExport-noconfig.cmake
[2.725s] -- Up-to-date: /home/jin/oneday/install/oneday_msgs/share/oneday_msgs/cmake/export_oneday_msgs__rosidl_typesupport_fastrtps_cExport.cmake
[2.725s] -- Up-to-date: /home/jin/oneday/install/oneday_msgs/share/oneday_msgs/cmake/export_oneday_msgs__rosidl_typesupport_fastrtps_cExport-noconfig.cmake
[2.725s] -- Up-to-date: /home/jin/oneday/install/oneday_msgs/share/oneday_msgs/cmake/oneday_msgs__rosidl_typesupport_introspection_cExport.cmake
[2.725s] -- Up-to-date: /home/jin/oneday/install/oneday_msgs/share/oneday_msgs/cmake/oneday_msgs__rosidl_typesupport_introspection_cExport-noconfig.cmake
[2.725s] -- Up-to-date: /home/jin/oneday/install/oneday_msgs/share/oneday_msgs/cmake/oneday_msgs__rosidl_typesupport_cExport.cmake
[2.725s] -- Up-to-date: /home/jin/oneday/install/oneday_msgs/share/oneday_msgs/cmake/oneday_msgs__rosidl_typesupport_cExport-noconfig.cmake
[2.725s] -- Up-to-date: /home/jin/oneday/install/oneday_msgs/share/oneday_msgs/cmake/export_oneday_msgs__rosidl_generator_cppExport.cmake
[2.725s] -- Up-to-date: /home/jin/oneday/install/oneday_msgs/share/oneday_msgs/cmake/export_oneday_msgs__rosidl_typesupport_fastrtps_cppExport.cmake
[2.725s] -- Up-to-date: /home/jin/oneday/install/oneday_msgs/share/oneday_msgs/cmake/export_oneday_msgs__rosidl_typesupport_fastrtps_cppExport-noconfig.cmake
[2.725s] -- Up-to-date: /home/jin/oneday/install/oneday_msgs/share/oneday_msgs/cmake/oneday_msgs__rosidl_typesupport_introspection_cppExport.cmake
[2.725s] -- Up-to-date: /home/jin/oneday/install/oneday_msgs/share/oneday_msgs/cmake/oneday_msgs__rosidl_typesupport_introspection_cppExport-noconfig.cmake
[2.725s] -- Up-to-date: /home/jin/oneday/install/oneday_msgs/share/oneday_msgs/cmake/oneday_msgs__rosidl_typesupport_cppExport.cmake
[2.725s] -- Up-to-date: /home/jin/oneday/install/oneday_msgs/share/oneday_msgs/cmake/oneday_msgs__rosidl_typesupport_cppExport-noconfig.cmake
[2.725s] -- Up-to-date: /home/jin/oneday/install/oneday_msgs/share/oneday_msgs/cmake/export_oneday_msgs__rosidl_generator_pyExport.cmake
[2.726s] -- Up-to-date: /home/jin/oneday/install/oneday_msgs/share/oneday_msgs/cmake/export_oneday_msgs__rosidl_generator_pyExport-noconfig.cmake
[2.726s] -- Installing: /home/jin/oneday/install/oneday_msgs/share/oneday_msgs/cmake/rosidl_cmake-extras.cmake
[2.726s] -- Up-to-date: /home/jin/oneday/install/oneday_msgs/share/oneday_msgs/cmake/ament_cmake_export_include_directories-extras.cmake
[2.726s] -- Up-to-date: /home/jin/oneday/install/oneday_msgs/share/oneday_msgs/cmake/ament_cmake_export_libraries-extras.cmake
[2.726s] -- Up-to-date: /home/jin/oneday/install/oneday_msgs/share/oneday_msgs/cmake/ament_cmake_export_targets-extras.cmake
[2.726s] -- Up-to-date: /home/jin/oneday/install/oneday_msgs/share/oneday_msgs/cmake/rosidl_cmake_export_typesupport_targets-extras.cmake
[2.726s] -- Up-to-date: /home/jin/oneday/install/oneday_msgs/share/oneday_msgs/cmake/ament_cmake_export_dependencies-extras.cmake
[2.726s] -- Up-to-date: /home/jin/oneday/install/oneday_msgs/share/oneday_msgs/cmake/rosidl_cmake_export_typesupport_libraries-extras.cmake
[2.726s] -- Up-to-date: /home/jin/oneday/install/oneday_msgs/share/oneday_msgs/cmake/oneday_msgsConfig.cmake
[2.726s] -- Up-to-date: /home/jin/oneday/install/oneday_msgs/share/oneday_msgs/cmake/oneday_msgsConfig-version.cmake
[2.726s] -- Up-to-date: /home/jin/oneday/install/oneday_msgs/share/oneday_msgs/package.xml
[2.728s] Invoked command in '/home/jin/oneday/build/oneday_msgs' returned '0': CMAKE_PREFIX_PATH=${CMAKE_PREFIX_PATH}:/home/jin/oneday/install/oneday:/opt/ros/humble /usr/bin/cmake --install /home/jin/oneday/build/oneday_msgs
