running egg_info
writing ../../build/oneday/oneday.egg-info/PKG-INFO
writing dependency_links to ../../build/oneday/oneday.egg-info/dependency_links.txt
writing entry points to ../../build/oneday/oneday.egg-info/entry_points.txt
writing requirements to ../../build/oneday/oneday.egg-info/requires.txt
writing top-level names to ../../build/oneday/oneday.egg-info/top_level.txt
reading manifest file '../../build/oneday/oneday.egg-info/SOURCES.txt'
writing manifest file '../../build/oneday/oneday.egg-info/SOURCES.txt'
running build
running build_py
copying oneday/imageServiceServer.py -> /home/jin/oneday/build/oneday/build/lib/oneday
running install
running install_lib
copying /home/jin/oneday/build/oneday/build/lib/oneday/imageServiceServer.py -> /home/jin/oneday/install/oneday/lib/python3.10/site-packages/oneday
byte-compiling /home/jin/oneday/install/oneday/lib/python3.10/site-packages/oneday/imageServiceServer.py to imageServiceServer.cpython-310.pyc
running install_data
copying launch/edge.launch.py -> /home/jin/oneday/install/oneday/share/oneday/launch
running install_egg_info
removing '/home/jin/oneday/install/oneday/lib/python3.10/site-packages/oneday-0.0.0-py3.10.egg-info' (and everything under it)
Copying ../../build/oneday/oneday.egg-info to /home/jin/oneday/install/oneday/lib/python3.10/site-packages/oneday-0.0.0-py3.10.egg-info
running install_scripts
Installing edge script to /home/jin/oneday/install/oneday/lib/oneday
Installing imageServiceClient script to /home/jin/oneday/install/oneday/lib/oneday
Installing imageServiceServer script to /home/jin/oneday/install/oneday/lib/oneday
Installing imgToGray script to /home/jin/oneday/install/oneday/lib/oneday
Installing img_publisher script to /home/jin/oneday/install/oneday/lib/oneday
writing list of installed files to '/home/jin/oneday/build/oneday/install.log'
