[0.463s] Invoking command in '/home/jin/oneday/src/oneday': PYTHONPATH=/home/jin/oneday/build/oneday/prefix_override:/home/jin/oneday/install/oneday/lib/python3.10/site-packages:${PYTHONPATH} /usr/bin/python3 -W ignore:setup.py install is deprecated setup.py egg_info --egg-base ../../build/oneday build --build-base /home/jin/oneday/build/oneday/build install --record /home/jin/oneday/build/oneday/install.log --single-version-externally-managed install_data
[0.647s] running egg_info
[0.648s] writing ../../build/oneday/oneday.egg-info/PKG-INFO
[0.648s] writing dependency_links to ../../build/oneday/oneday.egg-info/dependency_links.txt
[0.648s] writing entry points to ../../build/oneday/oneday.egg-info/entry_points.txt
[0.648s] writing requirements to ../../build/oneday/oneday.egg-info/requires.txt
[0.648s] writing top-level names to ../../build/oneday/oneday.egg-info/top_level.txt
[0.649s] reading manifest file '../../build/oneday/oneday.egg-info/SOURCES.txt'
[0.649s] writing manifest file '../../build/oneday/oneday.egg-info/SOURCES.txt'
[0.650s] running build
[0.650s] running build_py
[0.650s] copying oneday/imageServiceServer.py -> /home/jin/oneday/build/oneday/build/lib/oneday
[0.650s] running install
[0.650s] running install_lib
[0.651s] copying /home/jin/oneday/build/oneday/build/lib/oneday/imageServiceServer.py -> /home/jin/oneday/install/oneday/lib/python3.10/site-packages/oneday
[0.651s] byte-compiling /home/jin/oneday/install/oneday/lib/python3.10/site-packages/oneday/imageServiceServer.py to imageServiceServer.cpython-310.pyc
[0.652s] running install_data
[0.652s] running install_egg_info
[0.653s] removing '/home/jin/oneday/install/oneday/lib/python3.10/site-packages/oneday-0.0.0-py3.10.egg-info' (and everything under it)
[0.653s] Copying ../../build/oneday/oneday.egg-info to /home/jin/oneday/install/oneday/lib/python3.10/site-packages/oneday-0.0.0-py3.10.egg-info
[0.654s] running install_scripts
[0.669s] Installing edge script to /home/jin/oneday/install/oneday/lib/oneday
[0.669s] Installing imageServiceClient script to /home/jin/oneday/install/oneday/lib/oneday
[0.669s] Installing imageServiceServer script to /home/jin/oneday/install/oneday/lib/oneday
[0.669s] Installing imgToGray script to /home/jin/oneday/install/oneday/lib/oneday
[0.669s] Installing img_publisher script to /home/jin/oneday/install/oneday/lib/oneday
[0.669s] writing list of installed files to '/home/jin/oneday/build/oneday/install.log'
[0.691s] Invoked command in '/home/jin/oneday/src/oneday' returned '0': PYTHONPATH=/home/jin/oneday/build/oneday/prefix_override:/home/jin/oneday/install/oneday/lib/python3.10/site-packages:${PYTHONPATH} /usr/bin/python3 -W ignore:setup.py install is deprecated setup.py egg_info --egg-base ../../build/oneday build --build-base /home/jin/oneday/build/oneday/build install --record /home/jin/oneday/build/oneday/install.log --single-version-externally-managed install_data
