[0.391s] Invoking command in '/home/jin/oneday/src/oneday': PYTHONPATH=/home/jin/oneday/build/oneday/prefix_override:/home/jin/oneday/install/oneday/lib/python3.10/site-packages:${PYTHONPATH} /usr/bin/python3 -W ignore:setup.py install is deprecated setup.py egg_info --egg-base ../../build/oneday build --build-base /home/jin/oneday/build/oneday/build install --record /home/jin/oneday/build/oneday/install.log --single-version-externally-managed install_data
[0.545s] running egg_info
[0.545s] writing ../../build/oneday/oneday.egg-info/PKG-INFO
[0.546s] writing dependency_links to ../../build/oneday/oneday.egg-info/dependency_links.txt
[0.546s] writing entry points to ../../build/oneday/oneday.egg-info/entry_points.txt
[0.546s] writing requirements to ../../build/oneday/oneday.egg-info/requires.txt
[0.546s] writing top-level names to ../../build/oneday/oneday.egg-info/top_level.txt
[0.547s] reading manifest file '../../build/oneday/oneday.egg-info/SOURCES.txt'
[0.547s] writing manifest file '../../build/oneday/oneday.egg-info/SOURCES.txt'
[0.548s] running build
[0.548s] running build_py
[0.548s] copying oneday/imgToGray.py -> /home/jin/oneday/build/oneday/build/lib/oneday
[0.548s] copying oneday/edge.py -> /home/jin/oneday/build/oneday/build/lib/oneday
[0.548s] copying oneday/imageServiceServer.py -> /home/jin/oneday/build/oneday/build/lib/oneday
[0.548s] copying oneday/imageServiceClient.py -> /home/jin/oneday/build/oneday/build/lib/oneday
[0.548s] running install
[0.548s] running install_lib
[0.549s] copying /home/jin/oneday/build/oneday/build/lib/oneday/imgToGray.py -> /home/jin/oneday/install/oneday/lib/python3.10/site-packages/oneday
[0.549s] copying /home/jin/oneday/build/oneday/build/lib/oneday/edge.py -> /home/jin/oneday/install/oneday/lib/python3.10/site-packages/oneday
[0.549s] copying /home/jin/oneday/build/oneday/build/lib/oneday/imageServiceServer.py -> /home/jin/oneday/install/oneday/lib/python3.10/site-packages/oneday
[0.549s] copying /home/jin/oneday/build/oneday/build/lib/oneday/imageServiceClient.py -> /home/jin/oneday/install/oneday/lib/python3.10/site-packages/oneday
[0.549s] byte-compiling /home/jin/oneday/install/oneday/lib/python3.10/site-packages/oneday/imgToGray.py to imgToGray.cpython-310.pyc
[0.549s] byte-compiling /home/jin/oneday/install/oneday/lib/python3.10/site-packages/oneday/edge.py to edge.cpython-310.pyc
[0.550s] byte-compiling /home/jin/oneday/install/oneday/lib/python3.10/site-packages/oneday/imageServiceServer.py to imageServiceServer.cpython-310.pyc
[0.550s] byte-compiling /home/jin/oneday/install/oneday/lib/python3.10/site-packages/oneday/imageServiceClient.py to imageServiceClient.cpython-310.pyc
[0.550s] running install_data
[0.550s] copying launch/edge.launch.py -> /home/jin/oneday/install/oneday/share/oneday/launch
[0.550s] copying launch/imgToGray.launch.py -> /home/jin/oneday/install/oneday/share/oneday/launch
[0.550s] copying param/filter.yaml -> /home/jin/oneday/install/oneday/share/oneday/param
[0.551s] running install_egg_info
[0.552s] removing '/home/jin/oneday/install/oneday/lib/python3.10/site-packages/oneday-0.0.0-py3.10.egg-info' (and everything under it)
[0.552s] Copying ../../build/oneday/oneday.egg-info to /home/jin/oneday/install/oneday/lib/python3.10/site-packages/oneday-0.0.0-py3.10.egg-info
[0.552s] running install_scripts
[0.565s] Installing edge script to /home/jin/oneday/install/oneday/lib/oneday
[0.565s] Installing imageServiceServer script to /home/jin/oneday/install/oneday/lib/oneday
[0.565s] Installing imgToGray script to /home/jin/oneday/install/oneday/lib/oneday
[0.565s] Installing img_publisher script to /home/jin/oneday/install/oneday/lib/oneday
[0.565s] writing list of installed files to '/home/jin/oneday/build/oneday/install.log'
[0.580s] Invoked command in '/home/jin/oneday/src/oneday' returned '0': PYTHONPATH=/home/jin/oneday/build/oneday/prefix_override:/home/jin/oneday/install/oneday/lib/python3.10/site-packages:${PYTHONPATH} /usr/bin/python3 -W ignore:setup.py install is deprecated setup.py egg_info --egg-base ../../build/oneday build --build-base /home/jin/oneday/build/oneday/build install --record /home/jin/oneday/build/oneday/install.log --single-version-externally-managed install_data
