[0.393s] Invoking command in '/home/jin/oneday/src/oneday': PYTHONPATH=/home/jin/oneday/src/build/oneday/prefix_override:/home/jin/oneday/src/install/oneday/lib/python3.10/site-packages:${PYTHONPATH} /usr/bin/python3 -W ignore:setup.py install is deprecated setup.py egg_info --egg-base ../build/oneday build --build-base /home/jin/oneday/src/build/oneday/build install --record /home/jin/oneday/src/build/oneday/install.log --single-version-externally-managed install_data
[0.551s] running egg_info
[0.551s] creating ../build/oneday/oneday.egg-info
[0.551s] writing ../build/oneday/oneday.egg-info/PKG-INFO
[0.552s] writing dependency_links to ../build/oneday/oneday.egg-info/dependency_links.txt
[0.552s] writing entry points to ../build/oneday/oneday.egg-info/entry_points.txt
[0.552s] writing requirements to ../build/oneday/oneday.egg-info/requires.txt
[0.552s] writing top-level names to ../build/oneday/oneday.egg-info/top_level.txt
[0.552s] writing manifest file '../build/oneday/oneday.egg-info/SOURCES.txt'
[0.553s] reading manifest file '../build/oneday/oneday.egg-info/SOURCES.txt'
[0.553s] writing manifest file '../build/oneday/oneday.egg-info/SOURCES.txt'
[0.553s] running build
[0.553s] running build_py
[0.553s] creating /home/jin/oneday/src/build/oneday/build
[0.554s] creating /home/jin/oneday/src/build/oneday/build/lib
[0.554s] creating /home/jin/oneday/src/build/oneday/build/lib/oneday
[0.554s] copying oneday/__init__.py -> /home/jin/oneday/src/build/oneday/build/lib/oneday
[0.554s] copying oneday/img_publisher.py -> /home/jin/oneday/src/build/oneday/build/lib/oneday
[0.554s] running install
[0.554s] running install_lib
[0.554s] creating /home/jin/oneday/src/install/oneday/lib/python3.10/site-packages/oneday
[0.554s] copying /home/jin/oneday/src/build/oneday/build/lib/oneday/__init__.py -> /home/jin/oneday/src/install/oneday/lib/python3.10/site-packages/oneday
[0.554s] copying /home/jin/oneday/src/build/oneday/build/lib/oneday/img_publisher.py -> /home/jin/oneday/src/install/oneday/lib/python3.10/site-packages/oneday
[0.555s] byte-compiling /home/jin/oneday/src/install/oneday/lib/python3.10/site-packages/oneday/__init__.py to __init__.cpython-310.pyc
[0.555s] byte-compiling /home/jin/oneday/src/install/oneday/lib/python3.10/site-packages/oneday/img_publisher.py to img_publisher.cpython-310.pyc
[0.555s] running install_data
[0.555s] creating /home/jin/oneday/src/install/oneday/share/ament_index
[0.555s] creating /home/jin/oneday/src/install/oneday/share/ament_index/resource_index
[0.555s] creating /home/jin/oneday/src/install/oneday/share/ament_index/resource_index/packages
[0.555s] copying resource/oneday -> /home/jin/oneday/src/install/oneday/share/ament_index/resource_index/packages
[0.555s] copying package.xml -> /home/jin/oneday/src/install/oneday/share/oneday
[0.555s] running install_egg_info
[0.556s] Copying ../build/oneday/oneday.egg-info to /home/jin/oneday/src/install/oneday/lib/python3.10/site-packages/oneday-0.0.0-py3.10.egg-info
[0.557s] running install_scripts
[0.570s] Installing img_publisher script to /home/jin/oneday/src/install/oneday/lib/oneday
[0.570s] writing list of installed files to '/home/jin/oneday/src/build/oneday/install.log'
[0.585s] Invoked command in '/home/jin/oneday/src/oneday' returned '0': PYTHONPATH=/home/jin/oneday/src/build/oneday/prefix_override:/home/jin/oneday/src/install/oneday/lib/python3.10/site-packages:${PYTHONPATH} /usr/bin/python3 -W ignore:setup.py install is deprecated setup.py egg_info --egg-base ../build/oneday build --build-base /home/jin/oneday/src/build/oneday/build install --record /home/jin/oneday/src/build/oneday/install.log --single-version-externally-managed install_data
