[ 12%] Built target oneday_msgs__cpp
[ 12%] Built target oneday_msgs__rosidl_generator_c
[ 12%] Built target ament_cmake_python_copy_oneday_msgs
[ 32%] Built target oneday_msgs__rosidl_typesupport_c
[ 32%] Built target oneday_msgs__rosidl_typesupport_introspection_c
[ 41%] Built target oneday_msgs__rosidl_typesupport_introspection_cpp
[ 51%] Built target oneday_msgs__rosidl_typesupport_cpp
[ 61%] Built target oneday_msgs__rosidl_typesupport_fastrtps_cpp
[ 70%] Built target oneday_msgs__rosidl_typesupport_fastrtps_c
[ 70%] Built target oneday_msgs
[ 74%] Built target oneday_msgs__py
[ 80%] Built target oneday_msgs__rosidl_generator_py
[ 87%] Built target oneday_msgs__rosidl_typesupport_introspection_c__pyext
[ 93%] Built target oneday_msgs__rosidl_typesupport_c__pyext
[100%] Built target oneday_msgs__rosidl_typesupport_fastrtps_c__pyext
running egg_info
writing oneday_msgs.egg-info/PKG-INFO
writing dependency_links to oneday_msgs.egg-info/dependency_links.txt
writing top-level names to oneday_msgs.egg-info/top_level.txt
reading manifest file 'oneday_msgs.egg-info/SOURCES.txt'
writing manifest file 'oneday_msgs.egg-info/SOURCES.txt'
[100%] Built target ament_cmake_python_build_oneday_msgs_egg
-- Install configuration: ""
-- Up-to-date: /home/jin/oneday/install/oneday_msgs/share/ament_index/resource_index/rosidl_interfaces/oneday_msgs
-- Up-to-date: /home/jin/oneday/install/oneday_msgs/include/oneday_msgs/oneday_msgs
-- Up-to-date: /home/jin/oneday/install/oneday_msgs/include/oneday_msgs/oneday_msgs/msg
-- Up-to-date: /home/jin/oneday/install/oneday_msgs/include/oneday_msgs/oneday_msgs/msg/rosidl_generator_c__visibility_control.h
-- Up-to-date: /home/jin/oneday/install/oneday_msgs/include/oneday_msgs/oneday_msgs/srv
-- Up-to-date: /home/jin/oneday/install/oneday_msgs/include/oneday_msgs/oneday_msgs/srv/detail
-- Up-to-date: /home/jin/oneday/install/oneday_msgs/include/oneday_msgs/oneday_msgs/srv/detail/snapshot__functions.h
-- Up-to-date: /home/jin/oneday/install/oneday_msgs/include/oneday_msgs/oneday_msgs/srv/detail/snapshot__functions.c
-- Up-to-date: /home/jin/oneday/install/oneday_msgs/include/oneday_msgs/oneday_msgs/srv/detail/snapshot__type_support.h
-- Up-to-date: /home/jin/oneday/install/oneday_msgs/include/oneday_msgs/oneday_msgs/srv/detail/snapshot__struct.h
-- Up-to-date: /home/jin/oneday/install/oneday_msgs/include/oneday_msgs/oneday_msgs/srv/snapshot.h
-- Up-to-date: /home/jin/oneday/install/oneday_msgs/share/oneday_msgs/environment/library_path.sh
-- Up-to-date: /home/jin/oneday/install/oneday_msgs/share/oneday_msgs/environment/library_path.dsv
-- Up-to-date: /home/jin/oneday/install/oneday_msgs/lib/liboneday_msgs__rosidl_generator_c.so
-- Up-to-date: /home/jin/oneday/install/oneday_msgs/include/oneday_msgs/oneday_msgs
-- Up-to-date: /home/jin/oneday/install/oneday_msgs/include/oneday_msgs/oneday_msgs/msg
-- Up-to-date: /home/jin/oneday/install/oneday_msgs/include/oneday_msgs/oneday_msgs/msg/rosidl_typesupport_fastrtps_c__visibility_control.h
-- Up-to-date: /home/jin/oneday/install/oneday_msgs/include/oneday_msgs/oneday_msgs/srv
-- Up-to-date: /home/jin/oneday/install/oneday_msgs/include/oneday_msgs/oneday_msgs/srv/detail
-- Up-to-date: /home/jin/oneday/install/oneday_msgs/include/oneday_msgs/oneday_msgs/srv/detail/snapshot__rosidl_typesupport_fastrtps_c.h
-- Up-to-date: /home/jin/oneday/install/oneday_msgs/lib/liboneday_msgs__rosidl_typesupport_fastrtps_c.so
-- Up-to-date: /home/jin/oneday/install/oneday_msgs/include/oneday_msgs/oneday_msgs
-- Up-to-date: /home/jin/oneday/install/oneday_msgs/include/oneday_msgs/oneday_msgs/msg
-- Up-to-date: /home/jin/oneday/install/oneday_msgs/include/oneday_msgs/oneday_msgs/msg/rosidl_typesupport_introspection_c__visibility_control.h
-- Up-to-date: /home/jin/oneday/install/oneday_msgs/include/oneday_msgs/oneday_msgs/srv
-- Up-to-date: /home/jin/oneday/install/oneday_msgs/include/oneday_msgs/oneday_msgs/srv/detail
-- Up-to-date: /home/jin/oneday/install/oneday_msgs/include/oneday_msgs/oneday_msgs/srv/detail/snapshot__rosidl_typesupport_introspection_c.h
-- Up-to-date: /home/jin/oneday/install/oneday_msgs/include/oneday_msgs/oneday_msgs/srv/detail/snapshot__type_support.c
-- Up-to-date: /home/jin/oneday/install/oneday_msgs/lib/liboneday_msgs__rosidl_typesupport_introspection_c.so
-- Up-to-date: /home/jin/oneday/install/oneday_msgs/lib/liboneday_msgs__rosidl_typesupport_c.so
-- Up-to-date: /home/jin/oneday/install/oneday_msgs/include/oneday_msgs/oneday_msgs
-- Up-to-date: /home/jin/oneday/install/oneday_msgs/include/oneday_msgs/oneday_msgs/srv
-- Up-to-date: /home/jin/oneday/install/oneday_msgs/include/oneday_msgs/oneday_msgs/srv/snapshot.hpp
-- Up-to-date: /home/jin/oneday/install/oneday_msgs/include/oneday_msgs/oneday_msgs/srv/detail
-- Up-to-date: /home/jin/oneday/install/oneday_msgs/include/oneday_msgs/oneday_msgs/srv/detail/snapshot__traits.hpp
-- Up-to-date: /home/jin/oneday/install/oneday_msgs/include/oneday_msgs/oneday_msgs/srv/detail/snapshot__builder.hpp
-- Up-to-date: /home/jin/oneday/install/oneday_msgs/include/oneday_msgs/oneday_msgs/srv/detail/snapshot__struct.hpp
-- Up-to-date: /home/jin/oneday/install/oneday_msgs/include/oneday_msgs/oneday_msgs
-- Up-to-date: /home/jin/oneday/install/oneday_msgs/include/oneday_msgs/oneday_msgs/msg
-- Up-to-date: /home/jin/oneday/install/oneday_msgs/include/oneday_msgs/oneday_msgs/msg/rosidl_typesupport_fastrtps_cpp__visibility_control.h
-- Up-to-date: /home/jin/oneday/install/oneday_msgs/include/oneday_msgs/oneday_msgs/srv
-- Up-to-date: /home/jin/oneday/install/oneday_msgs/include/oneday_msgs/oneday_msgs/srv/detail
-- Up-to-date: /home/jin/oneday/install/oneday_msgs/include/oneday_msgs/oneday_msgs/srv/detail/snapshot__rosidl_typesupport_fastrtps_cpp.hpp
-- Up-to-date: /home/jin/oneday/install/oneday_msgs/include/oneday_msgs/oneday_msgs/srv/detail/dds_fastrtps
-- Up-to-date: /home/jin/oneday/install/oneday_msgs/lib/liboneday_msgs__rosidl_typesupport_fastrtps_cpp.so
-- Up-to-date: /home/jin/oneday/install/oneday_msgs/include/oneday_msgs/oneday_msgs
-- Up-to-date: /home/jin/oneday/install/oneday_msgs/include/oneday_msgs/oneday_msgs/srv
-- Up-to-date: /home/jin/oneday/install/oneday_msgs/include/oneday_msgs/oneday_msgs/srv/detail
-- Up-to-date: /home/jin/oneday/install/oneday_msgs/include/oneday_msgs/oneday_msgs/srv/detail/snapshot__rosidl_typesupport_introspection_cpp.hpp
-- Up-to-date: /home/jin/oneday/install/oneday_msgs/include/oneday_msgs/oneday_msgs/srv/detail/snapshot__type_support.cpp
-- Up-to-date: /home/jin/oneday/install/oneday_msgs/lib/liboneday_msgs__rosidl_typesupport_introspection_cpp.so
-- Up-to-date: /home/jin/oneday/install/oneday_msgs/lib/liboneday_msgs__rosidl_typesupport_cpp.so
-- Up-to-date: /home/jin/oneday/install/oneday_msgs/share/oneday_msgs/environment/pythonpath.sh
-- Up-to-date: /home/jin/oneday/install/oneday_msgs/share/oneday_msgs/environment/pythonpath.dsv
-- Up-to-date: /home/jin/oneday/install/oneday_msgs/local/lib/python3.10/dist-packages/oneday_msgs-0.0.0-py3.10.egg-info
-- Installing: /home/jin/oneday/install/oneday_msgs/local/lib/python3.10/dist-packages/oneday_msgs-0.0.0-py3.10.egg-info/top_level.txt
-- Installing: /home/jin/oneday/install/oneday_msgs/local/lib/python3.10/dist-packages/oneday_msgs-0.0.0-py3.10.egg-info/dependency_links.txt
-- Installing: /home/jin/oneday/install/oneday_msgs/local/lib/python3.10/dist-packages/oneday_msgs-0.0.0-py3.10.egg-info/PKG-INFO
-- Installing: /home/jin/oneday/install/oneday_msgs/local/lib/python3.10/dist-packages/oneday_msgs-0.0.0-py3.10.egg-info/SOURCES.txt
-- Up-to-date: /home/jin/oneday/install/oneday_msgs/local/lib/python3.10/dist-packages/oneday_msgs
-- Up-to-date: /home/jin/oneday/install/oneday_msgs/local/lib/python3.10/dist-packages/oneday_msgs/__init__.py
-- Up-to-date: /home/jin/oneday/install/oneday_msgs/local/lib/python3.10/dist-packages/oneday_msgs/srv
-- Up-to-date: /home/jin/oneday/install/oneday_msgs/local/lib/python3.10/dist-packages/oneday_msgs/srv/__init__.py
-- Up-to-date: /home/jin/oneday/install/oneday_msgs/local/lib/python3.10/dist-packages/oneday_msgs/srv/_snapshot.py
-- Up-to-date: /home/jin/oneday/install/oneday_msgs/local/lib/python3.10/dist-packages/oneday_msgs/srv/_snapshot_s.c
-- Up-to-date: /home/jin/oneday/install/oneday_msgs/local/lib/python3.10/dist-packages/oneday_msgs/liboneday_msgs__rosidl_generator_py.so
-- Up-to-date: /home/jin/oneday/install/oneday_msgs/local/lib/python3.10/dist-packages/oneday_msgs/_oneday_msgs_s.ep.rosidl_typesupport_c.c
-- Up-to-date: /home/jin/oneday/install/oneday_msgs/local/lib/python3.10/dist-packages/oneday_msgs/_oneday_msgs_s.ep.rosidl_typesupport_fastrtps_c.c
-- Up-to-date: /home/jin/oneday/install/oneday_msgs/local/lib/python3.10/dist-packages/oneday_msgs/oneday_msgs_s__rosidl_typesupport_c.cpython-310-x86_64-linux-gnu.so
-- Up-to-date: /home/jin/oneday/install/oneday_msgs/local/lib/python3.10/dist-packages/oneday_msgs/oneday_msgs_s__rosidl_typesupport_introspection_c.cpython-310-x86_64-linux-gnu.so
-- Up-to-date: /home/jin/oneday/install/oneday_msgs/local/lib/python3.10/dist-packages/oneday_msgs/oneday_msgs_s__rosidl_typesupport_fastrtps_c.cpython-310-x86_64-linux-gnu.so
-- Up-to-date: /home/jin/oneday/install/oneday_msgs/local/lib/python3.10/dist-packages/oneday_msgs/_oneday_msgs_s.ep.rosidl_typesupport_introspection_c.c
Listing '/home/jin/oneday/install/oneday_msgs/local/lib/python3.10/dist-packages/oneday_msgs'...
Listing '/home/jin/oneday/install/oneday_msgs/local/lib/python3.10/dist-packages/oneday_msgs/srv'...
-- Up-to-date: /home/jin/oneday/install/oneday_msgs/local/lib/python3.10/dist-packages/oneday_msgs/oneday_msgs_s__rosidl_typesupport_fastrtps_c.cpython-310-x86_64-linux-gnu.so
-- Up-to-date: /home/jin/oneday/install/oneday_msgs/local/lib/python3.10/dist-packages/oneday_msgs/oneday_msgs_s__rosidl_typesupport_introspection_c.cpython-310-x86_64-linux-gnu.so
-- Up-to-date: /home/jin/oneday/install/oneday_msgs/local/lib/python3.10/dist-packages/oneday_msgs/oneday_msgs_s__rosidl_typesupport_c.cpython-310-x86_64-linux-gnu.so
-- Up-to-date: /home/jin/oneday/install/oneday_msgs/lib/liboneday_msgs__rosidl_generator_py.so
-- Up-to-date: /home/jin/oneday/install/oneday_msgs/share/oneday_msgs/srv/Snapshot.idl
-- Up-to-date: /home/jin/oneday/install/oneday_msgs/share/oneday_msgs/srv/Snapshot.srv
-- Up-to-date: /home/jin/oneday/install/oneday_msgs/share/oneday_msgs/srv/Snapshot_Request.msg
-- Up-to-date: /home/jin/oneday/install/oneday_msgs/share/oneday_msgs/srv/Snapshot_Response.msg
-- Up-to-date: /home/jin/oneday/install/oneday_msgs/share/ament_index/resource_index/package_run_dependencies/oneday_msgs
-- Up-to-date: /home/jin/oneday/install/oneday_msgs/share/ament_index/resource_index/parent_prefix_path/oneday_msgs
-- Up-to-date: /home/jin/oneday/install/oneday_msgs/share/oneday_msgs/environment/ament_prefix_path.sh
-- Up-to-date: /home/jin/oneday/install/oneday_msgs/share/oneday_msgs/environment/ament_prefix_path.dsv
-- Up-to-date: /home/jin/oneday/install/oneday_msgs/share/oneday_msgs/environment/path.sh
-- Up-to-date: /home/jin/oneday/install/oneday_msgs/share/oneday_msgs/environment/path.dsv
-- Up-to-date: /home/jin/oneday/install/oneday_msgs/share/oneday_msgs/local_setup.bash
-- Up-to-date: /home/jin/oneday/install/oneday_msgs/share/oneday_msgs/local_setup.sh
-- Up-to-date: /home/jin/oneday/install/oneday_msgs/share/oneday_msgs/local_setup.zsh
-- Up-to-date: /home/jin/oneday/install/oneday_msgs/share/oneday_msgs/local_setup.dsv
-- Installing: /home/jin/oneday/install/oneday_msgs/share/oneday_msgs/package.dsv
-- Up-to-date: /home/jin/oneday/install/oneday_msgs/share/ament_index/resource_index/packages/oneday_msgs
-- Up-to-date: /home/jin/oneday/install/oneday_msgs/share/oneday_msgs/cmake/export_oneday_msgs__rosidl_generator_cExport.cmake
-- Up-to-date: /home/jin/oneday/install/oneday_msgs/share/oneday_msgs/cmake/export_oneday_msgs__rosidl_generator_cExport-noconfig.cmake
-- Up-to-date: /home/jin/oneday/install/oneday_msgs/share/oneday_msgs/cmake/export_oneday_msgs__rosidl_typesupport_fastrtps_cExport.cmake
-- Up-to-date: /home/jin/oneday/install/oneday_msgs/share/oneday_msgs/cmake/export_oneday_msgs__rosidl_typesupport_fastrtps_cExport-noconfig.cmake
-- Up-to-date: /home/jin/oneday/install/oneday_msgs/share/oneday_msgs/cmake/oneday_msgs__rosidl_typesupport_introspection_cExport.cmake
-- Up-to-date: /home/jin/oneday/install/oneday_msgs/share/oneday_msgs/cmake/oneday_msgs__rosidl_typesupport_introspection_cExport-noconfig.cmake
-- Up-to-date: /home/jin/oneday/install/oneday_msgs/share/oneday_msgs/cmake/oneday_msgs__rosidl_typesupport_cExport.cmake
-- Up-to-date: /home/jin/oneday/install/oneday_msgs/share/oneday_msgs/cmake/oneday_msgs__rosidl_typesupport_cExport-noconfig.cmake
-- Up-to-date: /home/jin/oneday/install/oneday_msgs/share/oneday_msgs/cmake/export_oneday_msgs__rosidl_generator_cppExport.cmake
-- Up-to-date: /home/jin/oneday/install/oneday_msgs/share/oneday_msgs/cmake/export_oneday_msgs__rosidl_typesupport_fastrtps_cppExport.cmake
-- Up-to-date: /home/jin/oneday/install/oneday_msgs/share/oneday_msgs/cmake/export_oneday_msgs__rosidl_typesupport_fastrtps_cppExport-noconfig.cmake
-- Up-to-date: /home/jin/oneday/install/oneday_msgs/share/oneday_msgs/cmake/oneday_msgs__rosidl_typesupport_introspection_cppExport.cmake
-- Up-to-date: /home/jin/oneday/install/oneday_msgs/share/oneday_msgs/cmake/oneday_msgs__rosidl_typesupport_introspection_cppExport-noconfig.cmake
-- Up-to-date: /home/jin/oneday/install/oneday_msgs/share/oneday_msgs/cmake/oneday_msgs__rosidl_typesupport_cppExport.cmake
-- Up-to-date: /home/jin/oneday/install/oneday_msgs/share/oneday_msgs/cmake/oneday_msgs__rosidl_typesupport_cppExport-noconfig.cmake
-- Up-to-date: /home/jin/oneday/install/oneday_msgs/share/oneday_msgs/cmake/export_oneday_msgs__rosidl_generator_pyExport.cmake
-- Up-to-date: /home/jin/oneday/install/oneday_msgs/share/oneday_msgs/cmake/export_oneday_msgs__rosidl_generator_pyExport-noconfig.cmake
-- Up-to-date: /home/jin/oneday/install/oneday_msgs/share/oneday_msgs/cmake/rosidl_cmake-extras.cmake
-- Up-to-date: /home/jin/oneday/install/oneday_msgs/share/oneday_msgs/cmake/ament_cmake_export_include_directories-extras.cmake
-- Up-to-date: /home/jin/oneday/install/oneday_msgs/share/oneday_msgs/cmake/ament_cmake_export_libraries-extras.cmake
-- Up-to-date: /home/jin/oneday/install/oneday_msgs/share/oneday_msgs/cmake/ament_cmake_export_targets-extras.cmake
-- Up-to-date: /home/jin/oneday/install/oneday_msgs/share/oneday_msgs/cmake/rosidl_cmake_export_typesupport_targets-extras.cmake
-- Up-to-date: /home/jin/oneday/install/oneday_msgs/share/oneday_msgs/cmake/ament_cmake_export_dependencies-extras.cmake
-- Up-to-date: /home/jin/oneday/install/oneday_msgs/share/oneday_msgs/cmake/rosidl_cmake_export_typesupport_libraries-extras.cmake
-- Up-to-date: /home/jin/oneday/install/oneday_msgs/share/oneday_msgs/cmake/oneday_msgsConfig.cmake
-- Up-to-date: /home/jin/oneday/install/oneday_msgs/share/oneday_msgs/cmake/oneday_msgsConfig-version.cmake
-- Up-to-date: /home/jin/oneday/install/oneday_msgs/share/oneday_msgs/package.xml
