[0.178s] Invoking command in '/home/jin/oneday/build/oneday_msgs': CMAKE_PREFIX_PATH=${CMAKE_PREFIX_PATH}:/home/jin/oneday/install/oneday:/opt/ros/humble /usr/bin/cmake --build /home/jin/oneday/build/oneday_msgs -- -j8 -l8
[0.192s] -- Found ament_cmake: 1.3.8 (/opt/ros/humble/share/ament_cmake/cmake)
[0.274s] -- Found rosidl_default_generators: 1.2.0 (/opt/ros/humble/share/rosidl_default_generators/cmake)
[0.275s] -- Using all available rosidl_typesupport_c: rosidl_typesupport_fastrtps_c;rosidl_typesupport_introspection_c
[0.277s] -- Found rosidl_adapter: 3.1.5 (/opt/ros/humble/share/rosidl_adapter/cmake)
[0.294s] -- Using all available rosidl_typesupport_cpp: rosidl_typesupport_fastrtps_cpp;rosidl_typesupport_introspection_cpp
[0.473s] -- Found ament_cmake_ros: 0.10.0 (/opt/ros/humble/share/ament_cmake_ros/cmake)
[0.587s] -- Using all available rosidl_typesupport_c: rosidl_typesupport_fastrtps_c;rosidl_typesupport_introspection_c
[0.746s] -- Using all available rosidl_typesupport_cpp: rosidl_typesupport_fastrtps_cpp;rosidl_typesupport_introspection_cpp
[0.762s] -- Found python_cmake_module: 0.10.0 (/opt/ros/humble/share/python_cmake_module/cmake)
[0.776s] -- Using PYTHON_EXECUTABLE: /usr/bin/python3
[0.776s] -- Using PYTHON_INCLUDE_DIRS: /usr/include/python3.10
[0.776s] -- Using PYTHON_LIBRARIES: /usr/lib/x86_64-linux-gnu/libpython3.10.so
[0.782s] -- Found ament_lint_auto: 0.12.10 (/opt/ros/humble/share/ament_lint_auto/cmake)
[0.787s] -- Added test 'lint_cmake' to check CMake code style
[0.787s] -- Added test 'xmllint' to check XML markup files
[0.788s] -- Configuring done
[0.802s] -- Generating done
[0.804s] -- Build files have been written to: /home/jin/oneday/build/oneday_msgs
[0.820s] [  3%] [34m[1mGenerating C code for ROS interfaces[0m
[0.828s] [  6%] [34m[1mGenerating C++ code for ROS interfaces[0m
[0.833s] [  6%] Built target ament_cmake_python_copy_oneday_msgs
[1.010s] running egg_info
[1.011s] writing oneday_msgs.egg-info/PKG-INFO
[1.011s] writing dependency_links to oneday_msgs.egg-info/dependency_links.txt
[1.011s] writing top-level names to oneday_msgs.egg-info/top_level.txt
[1.013s] reading manifest file 'oneday_msgs.egg-info/SOURCES.txt'
[1.014s] writing manifest file 'oneday_msgs.egg-info/SOURCES.txt'
[1.014s] [  6%] Built target oneday_msgs__cpp
[1.015s] [35m[1mConsolidate compiler generated dependencies of target oneday_msgs__rosidl_generator_c[0m
[1.022s] [  9%] [34m[1mGenerating C++ type support for eProsima Fast-RTPS[0m
[1.023s] [ 12%] [34m[1mGenerating C++ introspection for ROS interfaces[0m
[1.023s] [ 16%] [34m[1mGenerating C++ type support dispatch for ROS interfaces[0m
[1.025s] [ 19%] [32mBuilding C object CMakeFiles/oneday_msgs__rosidl_generator_c.dir/rosidl_generator_c/oneday_msgs/srv/detail/snapshot__functions.c.o[0m
[1.038s] [ 19%] Built target ament_cmake_python_build_oneday_msgs_egg
[1.074s] [ 22%] [32m[1mLinking C shared library liboneday_msgs__rosidl_generator_c.so[0m
[1.098s] [ 22%] Built target oneday_msgs__rosidl_generator_c
[1.105s] [ 25%] [34m[1mGenerating C type support dispatch for ROS interfaces[0m
[1.107s] [ 32%] [34m[1mGenerating C introspection for ROS interfaces[0m
[1.108s] [ 32%] [34m[1mGenerating C type support for eProsima Fast-RTPS[0m
[1.213s] [35m[1mConsolidate compiler generated dependencies of target oneday_msgs__rosidl_typesupport_introspection_cpp[0m
[1.229s] [ 35%] [32mBuilding CXX object CMakeFiles/oneday_msgs__rosidl_typesupport_introspection_cpp.dir/rosidl_typesupport_introspection_cpp/oneday_msgs/srv/detail/snapshot__type_support.cpp.o[0m
[1.234s] [35m[1mConsolidate compiler generated dependencies of target oneday_msgs__rosidl_typesupport_fastrtps_cpp[0m
[1.248s] [ 38%] [32mBuilding CXX object CMakeFiles/oneday_msgs__rosidl_typesupport_fastrtps_cpp.dir/rosidl_typesupport_fastrtps_cpp/oneday_msgs/srv/detail/dds_fastrtps/snapshot__type_support.cpp.o[0m
[1.248s] [35m[1mConsolidate compiler generated dependencies of target oneday_msgs__rosidl_typesupport_cpp[0m
[1.260s] [ 41%] [32mBuilding CXX object CMakeFiles/oneday_msgs__rosidl_typesupport_cpp.dir/rosidl_typesupport_cpp/oneday_msgs/srv/snapshot__type_support.cpp.o[0m
[1.288s] [35m[1mConsolidate compiler generated dependencies of target oneday_msgs__rosidl_typesupport_c[0m
[1.297s] [ 45%] [32mBuilding CXX object CMakeFiles/oneday_msgs__rosidl_typesupport_c.dir/rosidl_typesupport_c/oneday_msgs/srv/snapshot__type_support.cpp.o[0m
[1.317s] [ 48%] [32m[1mLinking CXX shared library liboneday_msgs__rosidl_typesupport_c.so[0m
[1.349s] [ 48%] Built target oneday_msgs__rosidl_typesupport_c
[1.379s] [35m[1mConsolidate compiler generated dependencies of target oneday_msgs__rosidl_typesupport_introspection_c[0m
[1.386s] [35m[1mConsolidate compiler generated dependencies of target oneday_msgs__rosidl_typesupport_fastrtps_c[0m
[1.387s] [ 51%] [32mBuilding C object CMakeFiles/oneday_msgs__rosidl_typesupport_introspection_c.dir/rosidl_typesupport_introspection_c/oneday_msgs/srv/detail/snapshot__type_support.c.o[0m
[1.400s] [ 54%] [32mBuilding CXX object CMakeFiles/oneday_msgs__rosidl_typesupport_fastrtps_c.dir/rosidl_typesupport_fastrtps_c/oneday_msgs/srv/detail/snapshot__type_support_c.cpp.o[0m
[1.411s] [ 58%] [32m[1mLinking C shared library liboneday_msgs__rosidl_typesupport_introspection_c.so[0m
[1.437s] [ 58%] Built target oneday_msgs__rosidl_typesupport_introspection_c
[1.470s] [ 61%] [32m[1mLinking CXX shared library liboneday_msgs__rosidl_typesupport_cpp.so[0m
[1.497s] [ 61%] Built target oneday_msgs__rosidl_typesupport_cpp
[1.555s] [ 64%] [32m[1mLinking CXX shared library liboneday_msgs__rosidl_typesupport_introspection_cpp.so[0m
[1.561s] [ 67%] [32m[1mLinking CXX shared library liboneday_msgs__rosidl_typesupport_fastrtps_cpp.so[0m
[1.601s] [ 67%] Built target oneday_msgs__rosidl_typesupport_introspection_cpp
[1.614s] [ 67%] Built target oneday_msgs__rosidl_typesupport_fastrtps_cpp
[1.674s] [ 70%] [32m[1mLinking CXX shared library liboneday_msgs__rosidl_typesupport_fastrtps_c.so[0m
[1.720s] [ 70%] Built target oneday_msgs__rosidl_typesupport_fastrtps_c
[1.734s] [ 70%] Built target oneday_msgs
[1.748s] [ 74%] [34m[1mGenerating Python code for ROS interfaces[0m
[1.969s] [ 74%] Built target oneday_msgs__py
[1.976s] [35m[1mConsolidate compiler generated dependencies of target oneday_msgs__rosidl_generator_py[0m
[1.984s] [ 77%] [32mBuilding C object CMakeFiles/oneday_msgs__rosidl_generator_py.dir/rosidl_generator_py/oneday_msgs/srv/_snapshot_s.c.o[0m
[2.046s] [ 80%] [32m[1mLinking C shared library rosidl_generator_py/oneday_msgs/liboneday_msgs__rosidl_generator_py.so[0m
[2.072s] [ 80%] Built target oneday_msgs__rosidl_generator_py
[2.079s] [35m[1mConsolidate compiler generated dependencies of target oneday_msgs__rosidl_typesupport_fastrtps_c__pyext[0m
[2.079s] [35m[1mConsolidate compiler generated dependencies of target oneday_msgs__rosidl_typesupport_c__pyext[0m
[2.079s] [35m[1mConsolidate compiler generated dependencies of target oneday_msgs__rosidl_typesupport_introspection_c__pyext[0m
[2.087s] [ 87%] [32mBuilding C object CMakeFiles/oneday_msgs__rosidl_typesupport_introspection_c__pyext.dir/rosidl_generator_py/oneday_msgs/_oneday_msgs_s.ep.rosidl_typesupport_introspection_c.c.o[0m
[2.088s] [ 87%] [32mBuilding C object CMakeFiles/oneday_msgs__rosidl_typesupport_c__pyext.dir/rosidl_generator_py/oneday_msgs/_oneday_msgs_s.ep.rosidl_typesupport_c.c.o[0m
[2.088s] [ 90%] [32mBuilding C object CMakeFiles/oneday_msgs__rosidl_typesupport_fastrtps_c__pyext.dir/rosidl_generator_py/oneday_msgs/_oneday_msgs_s.ep.rosidl_typesupport_fastrtps_c.c.o[0m
[2.150s] [ 93%] [32m[1mLinking C shared library rosidl_generator_py/oneday_msgs/oneday_msgs_s__rosidl_typesupport_c.cpython-310-x86_64-linux-gnu.so[0m
[2.153s] [ 96%] [32m[1mLinking C shared library rosidl_generator_py/oneday_msgs/oneday_msgs_s__rosidl_typesupport_fastrtps_c.cpython-310-x86_64-linux-gnu.so[0m
[2.154s] [100%] [32m[1mLinking C shared library rosidl_generator_py/oneday_msgs/oneday_msgs_s__rosidl_typesupport_introspection_c.cpython-310-x86_64-linux-gnu.so[0m
[2.172s] [100%] Built target oneday_msgs__rosidl_typesupport_c__pyext
[2.176s] [100%] Built target oneday_msgs__rosidl_typesupport_introspection_c__pyext
[2.176s] [100%] Built target oneday_msgs__rosidl_typesupport_fastrtps_c__pyext
[2.184s] Invoked command in '/home/jin/oneday/build/oneday_msgs' returned '0': CMAKE_PREFIX_PATH=${CMAKE_PREFIX_PATH}:/home/jin/oneday/install/oneday:/opt/ros/humble /usr/bin/cmake --build /home/jin/oneday/build/oneday_msgs -- -j8 -l8
[2.228s] Invoking command in '/home/jin/oneday/build/oneday_msgs': CMAKE_PREFIX_PATH=${CMAKE_PREFIX_PATH}:/home/jin/oneday/install/oneday:/opt/ros/humble /usr/bin/cmake --install /home/jin/oneday/build/oneday_msgs
[2.233s] -- Install configuration: ""
[2.233s] -- Up-to-date: /home/jin/oneday/install/oneday_msgs/share/ament_index/resource_index/rosidl_interfaces/oneday_msgs
[2.233s] -- Up-to-date: /home/jin/oneday/install/oneday_msgs/include/oneday_msgs/oneday_msgs
[2.233s] -- Up-to-date: /home/jin/oneday/install/oneday_msgs/include/oneday_msgs/oneday_msgs/msg
[2.233s] -- Up-to-date: /home/jin/oneday/install/oneday_msgs/include/oneday_msgs/oneday_msgs/msg/rosidl_generator_c__visibility_control.h
[2.233s] -- Up-to-date: /home/jin/oneday/install/oneday_msgs/include/oneday_msgs/oneday_msgs/srv
[2.233s] -- Up-to-date: /home/jin/oneday/install/oneday_msgs/include/oneday_msgs/oneday_msgs/srv/detail
[2.233s] -- Installing: /home/jin/oneday/install/oneday_msgs/include/oneday_msgs/oneday_msgs/srv/detail/snapshot__functions.h
[2.233s] -- Installing: /home/jin/oneday/install/oneday_msgs/include/oneday_msgs/oneday_msgs/srv/detail/snapshot__functions.c
[2.233s] -- Installing: /home/jin/oneday/install/oneday_msgs/include/oneday_msgs/oneday_msgs/srv/detail/snapshot__type_support.h
[2.233s] -- Installing: /home/jin/oneday/install/oneday_msgs/include/oneday_msgs/oneday_msgs/srv/detail/snapshot__struct.h
[2.233s] -- Installing: /home/jin/oneday/install/oneday_msgs/include/oneday_msgs/oneday_msgs/srv/snapshot.h
[2.233s] -- Up-to-date: /home/jin/oneday/install/oneday_msgs/share/oneday_msgs/environment/library_path.sh
[2.233s] -- Installing: /home/jin/oneday/install/oneday_msgs/share/oneday_msgs/environment/library_path.dsv
[2.233s] -- Installing: /home/jin/oneday/install/oneday_msgs/lib/liboneday_msgs__rosidl_generator_c.so
[2.234s] -- Set runtime path of "/home/jin/oneday/install/oneday_msgs/lib/liboneday_msgs__rosidl_generator_c.so" to ""
[2.234s] -- Up-to-date: /home/jin/oneday/install/oneday_msgs/include/oneday_msgs/oneday_msgs
[2.234s] -- Up-to-date: /home/jin/oneday/install/oneday_msgs/include/oneday_msgs/oneday_msgs/msg
[2.234s] -- Up-to-date: /home/jin/oneday/install/oneday_msgs/include/oneday_msgs/oneday_msgs/msg/rosidl_typesupport_fastrtps_c__visibility_control.h
[2.234s] -- Up-to-date: /home/jin/oneday/install/oneday_msgs/include/oneday_msgs/oneday_msgs/srv
[2.234s] -- Up-to-date: /home/jin/oneday/install/oneday_msgs/include/oneday_msgs/oneday_msgs/srv/detail
[2.234s] -- Installing: /home/jin/oneday/install/oneday_msgs/include/oneday_msgs/oneday_msgs/srv/detail/snapshot__rosidl_typesupport_fastrtps_c.h
[2.234s] -- Installing: /home/jin/oneday/install/oneday_msgs/lib/liboneday_msgs__rosidl_typesupport_fastrtps_c.so
[2.234s] -- Set runtime path of "/home/jin/oneday/install/oneday_msgs/lib/liboneday_msgs__rosidl_typesupport_fastrtps_c.so" to ""
[2.234s] -- Up-to-date: /home/jin/oneday/install/oneday_msgs/include/oneday_msgs/oneday_msgs
[2.234s] -- Up-to-date: /home/jin/oneday/install/oneday_msgs/include/oneday_msgs/oneday_msgs/msg
[2.234s] -- Up-to-date: /home/jin/oneday/install/oneday_msgs/include/oneday_msgs/oneday_msgs/msg/rosidl_typesupport_introspection_c__visibility_control.h
[2.234s] -- Up-to-date: /home/jin/oneday/install/oneday_msgs/include/oneday_msgs/oneday_msgs/srv
[2.234s] -- Up-to-date: /home/jin/oneday/install/oneday_msgs/include/oneday_msgs/oneday_msgs/srv/detail
[2.234s] -- Installing: /home/jin/oneday/install/oneday_msgs/include/oneday_msgs/oneday_msgs/srv/detail/snapshot__rosidl_typesupport_introspection_c.h
[2.234s] -- Installing: /home/jin/oneday/install/oneday_msgs/include/oneday_msgs/oneday_msgs/srv/detail/snapshot__type_support.c
[2.234s] -- Installing: /home/jin/oneday/install/oneday_msgs/lib/liboneday_msgs__rosidl_typesupport_introspection_c.so
[2.234s] -- Set runtime path of "/home/jin/oneday/install/oneday_msgs/lib/liboneday_msgs__rosidl_typesupport_introspection_c.so" to ""
[2.235s] -- Installing: /home/jin/oneday/install/oneday_msgs/lib/liboneday_msgs__rosidl_typesupport_c.so
[2.235s] -- Set runtime path of "/home/jin/oneday/install/oneday_msgs/lib/liboneday_msgs__rosidl_typesupport_c.so" to ""
[2.235s] -- Up-to-date: /home/jin/oneday/install/oneday_msgs/include/oneday_msgs/oneday_msgs
[2.235s] -- Up-to-date: /home/jin/oneday/install/oneday_msgs/include/oneday_msgs/oneday_msgs/srv
[2.235s] -- Installing: /home/jin/oneday/install/oneday_msgs/include/oneday_msgs/oneday_msgs/srv/snapshot.hpp
[2.235s] -- Up-to-date: /home/jin/oneday/install/oneday_msgs/include/oneday_msgs/oneday_msgs/srv/detail
[2.235s] -- Installing: /home/jin/oneday/install/oneday_msgs/include/oneday_msgs/oneday_msgs/srv/detail/snapshot__traits.hpp
[2.235s] -- Installing: /home/jin/oneday/install/oneday_msgs/include/oneday_msgs/oneday_msgs/srv/detail/snapshot__builder.hpp
[2.235s] -- Installing: /home/jin/oneday/install/oneday_msgs/include/oneday_msgs/oneday_msgs/srv/detail/snapshot__struct.hpp
[2.235s] -- Up-to-date: /home/jin/oneday/install/oneday_msgs/include/oneday_msgs/oneday_msgs
[2.235s] -- Up-to-date: /home/jin/oneday/install/oneday_msgs/include/oneday_msgs/oneday_msgs/msg
[2.235s] -- Up-to-date: /home/jin/oneday/install/oneday_msgs/include/oneday_msgs/oneday_msgs/msg/rosidl_typesupport_fastrtps_cpp__visibility_control.h
[2.235s] -- Up-to-date: /home/jin/oneday/install/oneday_msgs/include/oneday_msgs/oneday_msgs/srv
[2.235s] -- Up-to-date: /home/jin/oneday/install/oneday_msgs/include/oneday_msgs/oneday_msgs/srv/detail
[2.235s] -- Installing: /home/jin/oneday/install/oneday_msgs/include/oneday_msgs/oneday_msgs/srv/detail/snapshot__rosidl_typesupport_fastrtps_cpp.hpp
[2.235s] -- Up-to-date: /home/jin/oneday/install/oneday_msgs/include/oneday_msgs/oneday_msgs/srv/detail/dds_fastrtps
[2.235s] -- Installing: /home/jin/oneday/install/oneday_msgs/lib/liboneday_msgs__rosidl_typesupport_fastrtps_cpp.so
[2.235s] -- Set runtime path of "/home/jin/oneday/install/oneday_msgs/lib/liboneday_msgs__rosidl_typesupport_fastrtps_cpp.so" to ""
[2.235s] -- Up-to-date: /home/jin/oneday/install/oneday_msgs/include/oneday_msgs/oneday_msgs
[2.235s] -- Up-to-date: /home/jin/oneday/install/oneday_msgs/include/oneday_msgs/oneday_msgs/srv
[2.236s] -- Up-to-date: /home/jin/oneday/install/oneday_msgs/include/oneday_msgs/oneday_msgs/srv/detail
[2.236s] -- Installing: /home/jin/oneday/install/oneday_msgs/include/oneday_msgs/oneday_msgs/srv/detail/snapshot__rosidl_typesupport_introspection_cpp.hpp
[2.236s] -- Installing: /home/jin/oneday/install/oneday_msgs/include/oneday_msgs/oneday_msgs/srv/detail/snapshot__type_support.cpp
[2.236s] -- Installing: /home/jin/oneday/install/oneday_msgs/lib/liboneday_msgs__rosidl_typesupport_introspection_cpp.so
[2.236s] -- Set runtime path of "/home/jin/oneday/install/oneday_msgs/lib/liboneday_msgs__rosidl_typesupport_introspection_cpp.so" to ""
[2.236s] -- Installing: /home/jin/oneday/install/oneday_msgs/lib/liboneday_msgs__rosidl_typesupport_cpp.so
[2.236s] -- Set runtime path of "/home/jin/oneday/install/oneday_msgs/lib/liboneday_msgs__rosidl_typesupport_cpp.so" to ""
[2.236s] -- Up-to-date: /home/jin/oneday/install/oneday_msgs/share/oneday_msgs/environment/pythonpath.sh
[2.236s] -- Installing: /home/jin/oneday/install/oneday_msgs/share/oneday_msgs/environment/pythonpath.dsv
[2.236s] -- Up-to-date: /home/jin/oneday/install/oneday_msgs/local/lib/python3.10/dist-packages/oneday_msgs-0.0.0-py3.10.egg-info
[2.236s] -- Installing: /home/jin/oneday/install/oneday_msgs/local/lib/python3.10/dist-packages/oneday_msgs-0.0.0-py3.10.egg-info/top_level.txt
[2.236s] -- Installing: /home/jin/oneday/install/oneday_msgs/local/lib/python3.10/dist-packages/oneday_msgs-0.0.0-py3.10.egg-info/dependency_links.txt
[2.236s] -- Installing: /home/jin/oneday/install/oneday_msgs/local/lib/python3.10/dist-packages/oneday_msgs-0.0.0-py3.10.egg-info/PKG-INFO
[2.236s] -- Installing: /home/jin/oneday/install/oneday_msgs/local/lib/python3.10/dist-packages/oneday_msgs-0.0.0-py3.10.egg-info/SOURCES.txt
[2.236s] -- Up-to-date: /home/jin/oneday/install/oneday_msgs/local/lib/python3.10/dist-packages/oneday_msgs
[2.236s] -- Installing: /home/jin/oneday/install/oneday_msgs/local/lib/python3.10/dist-packages/oneday_msgs/__init__.py
[2.236s] -- Up-to-date: /home/jin/oneday/install/oneday_msgs/local/lib/python3.10/dist-packages/oneday_msgs/srv
[2.236s] -- Installing: /home/jin/oneday/install/oneday_msgs/local/lib/python3.10/dist-packages/oneday_msgs/srv/__init__.py
[2.237s] -- Installing: /home/jin/oneday/install/oneday_msgs/local/lib/python3.10/dist-packages/oneday_msgs/srv/_snapshot.py
[2.237s] -- Installing: /home/jin/oneday/install/oneday_msgs/local/lib/python3.10/dist-packages/oneday_msgs/srv/_snapshot_s.c
[2.237s] -- Installing: /home/jin/oneday/install/oneday_msgs/local/lib/python3.10/dist-packages/oneday_msgs/liboneday_msgs__rosidl_generator_py.so
[2.237s] -- Installing: /home/jin/oneday/install/oneday_msgs/local/lib/python3.10/dist-packages/oneday_msgs/_oneday_msgs_s.ep.rosidl_typesupport_c.c
[2.237s] -- Installing: /home/jin/oneday/install/oneday_msgs/local/lib/python3.10/dist-packages/oneday_msgs/_oneday_msgs_s.ep.rosidl_typesupport_fastrtps_c.c
[2.237s] -- Installing: /home/jin/oneday/install/oneday_msgs/local/lib/python3.10/dist-packages/oneday_msgs/oneday_msgs_s__rosidl_typesupport_c.cpython-310-x86_64-linux-gnu.so
[2.237s] -- Installing: /home/jin/oneday/install/oneday_msgs/local/lib/python3.10/dist-packages/oneday_msgs/oneday_msgs_s__rosidl_typesupport_introspection_c.cpython-310-x86_64-linux-gnu.so
[2.237s] -- Installing: /home/jin/oneday/install/oneday_msgs/local/lib/python3.10/dist-packages/oneday_msgs/oneday_msgs_s__rosidl_typesupport_fastrtps_c.cpython-310-x86_64-linux-gnu.so
[2.237s] -- Installing: /home/jin/oneday/install/oneday_msgs/local/lib/python3.10/dist-packages/oneday_msgs/_oneday_msgs_s.ep.rosidl_typesupport_introspection_c.c
[2.259s] Listing '/home/jin/oneday/install/oneday_msgs/local/lib/python3.10/dist-packages/oneday_msgs'...
[2.259s] Compiling '/home/jin/oneday/install/oneday_msgs/local/lib/python3.10/dist-packages/oneday_msgs/__init__.py'...
[2.259s] Listing '/home/jin/oneday/install/oneday_msgs/local/lib/python3.10/dist-packages/oneday_msgs/srv'...
[2.259s] Compiling '/home/jin/oneday/install/oneday_msgs/local/lib/python3.10/dist-packages/oneday_msgs/srv/__init__.py'...
[2.259s] Compiling '/home/jin/oneday/install/oneday_msgs/local/lib/python3.10/dist-packages/oneday_msgs/srv/_snapshot.py'...
[2.262s] -- Installing: /home/jin/oneday/install/oneday_msgs/local/lib/python3.10/dist-packages/oneday_msgs/oneday_msgs_s__rosidl_typesupport_fastrtps_c.cpython-310-x86_64-linux-gnu.so
[2.263s] -- Set runtime path of "/home/jin/oneday/install/oneday_msgs/local/lib/python3.10/dist-packages/oneday_msgs/oneday_msgs_s__rosidl_typesupport_fastrtps_c.cpython-310-x86_64-linux-gnu.so" to ""
[2.263s] -- Installing: /home/jin/oneday/install/oneday_msgs/local/lib/python3.10/dist-packages/oneday_msgs/oneday_msgs_s__rosidl_typesupport_introspection_c.cpython-310-x86_64-linux-gnu.so
[2.263s] -- Set runtime path of "/home/jin/oneday/install/oneday_msgs/local/lib/python3.10/dist-packages/oneday_msgs/oneday_msgs_s__rosidl_typesupport_introspection_c.cpython-310-x86_64-linux-gnu.so" to ""
[2.263s] -- Installing: /home/jin/oneday/install/oneday_msgs/local/lib/python3.10/dist-packages/oneday_msgs/oneday_msgs_s__rosidl_typesupport_c.cpython-310-x86_64-linux-gnu.so
[2.263s] -- Set runtime path of "/home/jin/oneday/install/oneday_msgs/local/lib/python3.10/dist-packages/oneday_msgs/oneday_msgs_s__rosidl_typesupport_c.cpython-310-x86_64-linux-gnu.so" to ""
[2.263s] -- Installing: /home/jin/oneday/install/oneday_msgs/lib/liboneday_msgs__rosidl_generator_py.so
[2.264s] -- Set runtime path of "/home/jin/oneday/install/oneday_msgs/lib/liboneday_msgs__rosidl_generator_py.so" to ""
[2.264s] -- Installing: /home/jin/oneday/install/oneday_msgs/share/oneday_msgs/srv/Snapshot.idl
[2.264s] -- Installing: /home/jin/oneday/install/oneday_msgs/share/oneday_msgs/srv/Snapshot.srv
[2.264s] -- Installing: /home/jin/oneday/install/oneday_msgs/share/oneday_msgs/srv/Snapshot_Request.msg
[2.264s] -- Up-to-date: /home/jin/oneday/install/oneday_msgs/share/oneday_msgs/srv/Snapshot_Response.msg
[2.264s] -- Up-to-date: /home/jin/oneday/install/oneday_msgs/share/ament_index/resource_index/package_run_dependencies/oneday_msgs
[2.264s] -- Up-to-date: /home/jin/oneday/install/oneday_msgs/share/ament_index/resource_index/parent_prefix_path/oneday_msgs
[2.264s] -- Up-to-date: /home/jin/oneday/install/oneday_msgs/share/oneday_msgs/environment/ament_prefix_path.sh
[2.264s] -- Installing: /home/jin/oneday/install/oneday_msgs/share/oneday_msgs/environment/ament_prefix_path.dsv
[2.264s] -- Up-to-date: /home/jin/oneday/install/oneday_msgs/share/oneday_msgs/environment/path.sh
[2.264s] -- Installing: /home/jin/oneday/install/oneday_msgs/share/oneday_msgs/environment/path.dsv
[2.264s] -- Up-to-date: /home/jin/oneday/install/oneday_msgs/share/oneday_msgs/local_setup.bash
[2.265s] -- Up-to-date: /home/jin/oneday/install/oneday_msgs/share/oneday_msgs/local_setup.sh
[2.265s] -- Up-to-date: /home/jin/oneday/install/oneday_msgs/share/oneday_msgs/local_setup.zsh
[2.265s] -- Installing: /home/jin/oneday/install/oneday_msgs/share/oneday_msgs/local_setup.dsv
[2.265s] -- Installing: /home/jin/oneday/install/oneday_msgs/share/oneday_msgs/package.dsv
[2.265s] -- Up-to-date: /home/jin/oneday/install/oneday_msgs/share/ament_index/resource_index/packages/oneday_msgs
[2.265s] -- Up-to-date: /home/jin/oneday/install/oneday_msgs/share/oneday_msgs/cmake/export_oneday_msgs__rosidl_generator_cExport.cmake
[2.265s] -- Up-to-date: /home/jin/oneday/install/oneday_msgs/share/oneday_msgs/cmake/export_oneday_msgs__rosidl_generator_cExport-noconfig.cmake
[2.265s] -- Up-to-date: /home/jin/oneday/install/oneday_msgs/share/oneday_msgs/cmake/export_oneday_msgs__rosidl_typesupport_fastrtps_cExport.cmake
[2.265s] -- Up-to-date: /home/jin/oneday/install/oneday_msgs/share/oneday_msgs/cmake/export_oneday_msgs__rosidl_typesupport_fastrtps_cExport-noconfig.cmake
[2.265s] -- Up-to-date: /home/jin/oneday/install/oneday_msgs/share/oneday_msgs/cmake/oneday_msgs__rosidl_typesupport_introspection_cExport.cmake
[2.265s] -- Up-to-date: /home/jin/oneday/install/oneday_msgs/share/oneday_msgs/cmake/oneday_msgs__rosidl_typesupport_introspection_cExport-noconfig.cmake
[2.265s] -- Up-to-date: /home/jin/oneday/install/oneday_msgs/share/oneday_msgs/cmake/oneday_msgs__rosidl_typesupport_cExport.cmake
[2.265s] -- Up-to-date: /home/jin/oneday/install/oneday_msgs/share/oneday_msgs/cmake/oneday_msgs__rosidl_typesupport_cExport-noconfig.cmake
[2.265s] -- Up-to-date: /home/jin/oneday/install/oneday_msgs/share/oneday_msgs/cmake/export_oneday_msgs__rosidl_generator_cppExport.cmake
[2.266s] -- Up-to-date: /home/jin/oneday/install/oneday_msgs/share/oneday_msgs/cmake/export_oneday_msgs__rosidl_typesupport_fastrtps_cppExport.cmake
[2.266s] -- Up-to-date: /home/jin/oneday/install/oneday_msgs/share/oneday_msgs/cmake/export_oneday_msgs__rosidl_typesupport_fastrtps_cppExport-noconfig.cmake
[2.266s] -- Up-to-date: /home/jin/oneday/install/oneday_msgs/share/oneday_msgs/cmake/oneday_msgs__rosidl_typesupport_introspection_cppExport.cmake
[2.266s] -- Up-to-date: /home/jin/oneday/install/oneday_msgs/share/oneday_msgs/cmake/oneday_msgs__rosidl_typesupport_introspection_cppExport-noconfig.cmake
[2.266s] -- Up-to-date: /home/jin/oneday/install/oneday_msgs/share/oneday_msgs/cmake/oneday_msgs__rosidl_typesupport_cppExport.cmake
[2.266s] -- Up-to-date: /home/jin/oneday/install/oneday_msgs/share/oneday_msgs/cmake/oneday_msgs__rosidl_typesupport_cppExport-noconfig.cmake
[2.266s] -- Up-to-date: /home/jin/oneday/install/oneday_msgs/share/oneday_msgs/cmake/export_oneday_msgs__rosidl_generator_pyExport.cmake
[2.266s] -- Up-to-date: /home/jin/oneday/install/oneday_msgs/share/oneday_msgs/cmake/export_oneday_msgs__rosidl_generator_pyExport-noconfig.cmake
[2.266s] -- Up-to-date: /home/jin/oneday/install/oneday_msgs/share/oneday_msgs/cmake/rosidl_cmake-extras.cmake
[2.266s] -- Up-to-date: /home/jin/oneday/install/oneday_msgs/share/oneday_msgs/cmake/ament_cmake_export_include_directories-extras.cmake
[2.266s] -- Up-to-date: /home/jin/oneday/install/oneday_msgs/share/oneday_msgs/cmake/ament_cmake_export_libraries-extras.cmake
[2.266s] -- Up-to-date: /home/jin/oneday/install/oneday_msgs/share/oneday_msgs/cmake/ament_cmake_export_targets-extras.cmake
[2.266s] -- Up-to-date: /home/jin/oneday/install/oneday_msgs/share/oneday_msgs/cmake/rosidl_cmake_export_typesupport_targets-extras.cmake
[2.266s] -- Up-to-date: /home/jin/oneday/install/oneday_msgs/share/oneday_msgs/cmake/ament_cmake_export_dependencies-extras.cmake
[2.266s] -- Up-to-date: /home/jin/oneday/install/oneday_msgs/share/oneday_msgs/cmake/rosidl_cmake_export_typesupport_libraries-extras.cmake
[2.267s] -- Up-to-date: /home/jin/oneday/install/oneday_msgs/share/oneday_msgs/cmake/oneday_msgsConfig.cmake
[2.267s] -- Up-to-date: /home/jin/oneday/install/oneday_msgs/share/oneday_msgs/cmake/oneday_msgsConfig-version.cmake
[2.267s] -- Up-to-date: /home/jin/oneday/install/oneday_msgs/share/oneday_msgs/package.xml
[2.268s] Invoked command in '/home/jin/oneday/build/oneday_msgs' returned '0': CMAKE_PREFIX_PATH=${CMAKE_PREFIX_PATH}:/home/jin/oneday/install/oneday:/opt/ros/humble /usr/bin/cmake --install /home/jin/oneday/build/oneday_msgs
