/home/jin/oneday/install/oneday/lib/python3.10/site-packages/oneday/__init__.py
/home/jin/oneday/install/oneday/lib/python3.10/site-packages/oneday/img_publisher.py
/home/jin/oneday/install/oneday/lib/python3.10/site-packages/oneday/imgToGray.py
/home/jin/oneday/install/oneday/lib/python3.10/site-packages/oneday/edge.py
/home/jin/oneday/install/oneday/lib/python3.10/site-packages/oneday/imageServiceServer.py
/home/jin/oneday/install/oneday/lib/python3.10/site-packages/oneday/imageServiceClient.py
/home/jin/oneday/install/oneday/lib/python3.10/site-packages/oneday/__pycache__/__init__.cpython-310.pyc
/home/jin/oneday/install/oneday/lib/python3.10/site-packages/oneday/__pycache__/img_publisher.cpython-310.pyc
/home/jin/oneday/install/oneday/lib/python3.10/site-packages/oneday/__pycache__/imgToGray.cpython-310.pyc
/home/jin/oneday/install/oneday/lib/python3.10/site-packages/oneday/__pycache__/edge.cpython-310.pyc
/home/jin/oneday/install/oneday/lib/python3.10/site-packages/oneday/__pycache__/imageServiceServer.cpython-310.pyc
/home/jin/oneday/install/oneday/lib/python3.10/site-packages/oneday/__pycache__/imageServiceClient.cpython-310.pyc
/home/jin/oneday/install/oneday/share/ament_index/resource_index/packages/oneday
/home/jin/oneday/install/oneday/share/oneday/package.xml
/home/jin/oneday/install/oneday/share/oneday/launch/camera.launch.py
/home/jin/oneday/install/oneday/share/oneday/launch/edge.launch.py
/home/jin/oneday/install/oneday/share/oneday/launch/imgToGray.launch.py
/home/jin/oneday/install/oneday/share/oneday/param/filter.yaml
/home/jin/oneday/install/oneday/share/oneday/param/size.yaml
/home/jin/oneday/install/oneday/lib/python3.10/site-packages/oneday-0.0.0-py3.10.egg-info/zip-safe
/home/jin/oneday/install/oneday/lib/python3.10/site-packages/oneday-0.0.0-py3.10.egg-info/top_level.txt
/home/jin/oneday/install/oneday/lib/python3.10/site-packages/oneday-0.0.0-py3.10.egg-info/requires.txt
/home/jin/oneday/install/oneday/lib/python3.10/site-packages/oneday-0.0.0-py3.10.egg-info/dependency_links.txt
/home/jin/oneday/install/oneday/lib/python3.10/site-packages/oneday-0.0.0-py3.10.egg-info/PKG-INFO
/home/jin/oneday/install/oneday/lib/python3.10/site-packages/oneday-0.0.0-py3.10.egg-info/SOURCES.txt
/home/jin/oneday/install/oneday/lib/python3.10/site-packages/oneday-0.0.0-py3.10.egg-info/entry_points.txt
/home/jin/oneday/install/oneday/lib/oneday/edge
/home/jin/oneday/install/oneday/lib/oneday/imageServiceClient
/home/jin/oneday/install/oneday/lib/oneday/imageServiceServer
/home/jin/oneday/install/oneday/lib/oneday/imgToGray
/home/jin/oneday/install/oneday/lib/oneday/img_publisher
