[0.172s] Invoking command in '/home/jin/oneday/build/oneday_msgs': CMAKE_PREFIX_PATH=/home/jin/oneday/install/oneday:/opt/ros/humble /usr/bin/cmake /home/jin/oneday/src/oneday_msgs -DCMAKE_INSTALL_PREFIX=/home/jin/oneday/install/oneday_msgs
[0.215s] -- The C compiler identification is GNU 11.4.0
[0.252s] -- The CXX compiler identification is GNU 11.4.0
[0.259s] -- Detecting C compiler ABI info
[0.303s] -- Detecting C compiler ABI info - done
[0.308s] -- Check for working C compiler: /usr/bin/cc - skipped
[0.311s] -- Detecting C compile features
[0.311s] -- Detecting C compile features - done
[0.314s] -- Detecting CXX compiler ABI info
[0.364s] -- Detecting CXX compiler ABI info - done
[0.368s] -- Check for working CXX compiler: /usr/bin/c++ - skipped
[0.369s] -- Detecting CXX compile features
[0.369s] -- Detecting CXX compile features - done
[0.371s] -- Found ament_cmake: 1.3.8 (/opt/ros/humble/share/ament_cmake/cmake)
[0.471s] -- Found Python3: /usr/bin/python3 (found version "3.10.12") found components: Interpreter 
[0.538s] -- Found rosidl_default_generators: 1.2.0 (/opt/ros/humble/share/rosidl_default_generators/cmake)
[0.541s] -- Using all available rosidl_typesupport_c: rosidl_typesupport_fastrtps_c;rosidl_typesupport_introspection_c
[0.546s] -- Found rosidl_adapter: 3.1.5 (/opt/ros/humble/share/rosidl_adapter/cmake)
[0.581s] -- Using all available rosidl_typesupport_cpp: rosidl_typesupport_fastrtps_cpp;rosidl_typesupport_introspection_cpp
[0.768s] -- Found ament_cmake_ros: 0.10.0 (/opt/ros/humble/share/ament_cmake_ros/cmake)
[0.890s] -- Using all available rosidl_typesupport_c: rosidl_typesupport_fastrtps_c;rosidl_typesupport_introspection_c
[1.037s] -- Using all available rosidl_typesupport_cpp: rosidl_typesupport_fastrtps_cpp;rosidl_typesupport_introspection_cpp
[1.052s] -- Found PythonInterp: /usr/bin/python3 (found suitable version "3.10.12", minimum required is "3.6") 
[1.053s] -- Found python_cmake_module: 0.10.0 (/opt/ros/humble/share/python_cmake_module/cmake)
[1.070s] -- Found PythonLibs: /usr/lib/x86_64-linux-gnu/libpython3.10.so (found suitable version "3.10.12", minimum required is "3.5") 
[1.070s] -- Using PYTHON_EXECUTABLE: /usr/bin/python3
[1.070s] -- Using PYTHON_INCLUDE_DIRS: /usr/include/python3.10
[1.070s] -- Using PYTHON_LIBRARIES: /usr/lib/x86_64-linux-gnu/libpython3.10.so
[1.085s] -- Found PythonExtra: .so  
[1.105s] -- Found ament_lint_auto: 0.12.10 (/opt/ros/humble/share/ament_lint_auto/cmake)
[1.124s] -- Added test 'lint_cmake' to check CMake code style
[1.125s] -- Added test 'xmllint' to check XML markup files
[1.126s] -- Configuring done
[1.140s] -- Generating done
[1.141s] -- Build files have been written to: /home/jin/oneday/build/oneday_msgs
[1.145s] Invoked command in '/home/jin/oneday/build/oneday_msgs' returned '0': CMAKE_PREFIX_PATH=/home/jin/oneday/install/oneday:/opt/ros/humble /usr/bin/cmake /home/jin/oneday/src/oneday_msgs -DCMAKE_INSTALL_PREFIX=/home/jin/oneday/install/oneday_msgs
[1.147s] Invoking command in '/home/jin/oneday/build/oneday_msgs': CMAKE_PREFIX_PATH=/home/jin/oneday/install/oneday:/opt/ros/humble /usr/bin/cmake --build /home/jin/oneday/build/oneday_msgs -- -j8 -l8
[1.171s] [  3%] [34m[1mGenerating C code for ROS interfaces[0m
[1.177s] [  6%] [34m[1mGenerating C++ code for ROS interfaces[0m
[1.182s] [  6%] Built target ament_cmake_python_copy_oneday_msgs
[1.353s] running egg_info
[1.353s] creating oneday_msgs.egg-info
[1.353s] writing oneday_msgs.egg-info/PKG-INFO
[1.353s] writing dependency_links to oneday_msgs.egg-info/dependency_links.txt
[1.354s] writing top-level names to oneday_msgs.egg-info/top_level.txt
[1.354s] writing manifest file 'oneday_msgs.egg-info/SOURCES.txt'
[1.354s] [  6%] Built target oneday_msgs__cpp
[1.356s] reading manifest file 'oneday_msgs.egg-info/SOURCES.txt'
[1.356s] writing manifest file 'oneday_msgs.egg-info/SOURCES.txt'
[1.359s] [  9%] [32mBuilding C object CMakeFiles/oneday_msgs__rosidl_generator_c.dir/rosidl_generator_c/oneday_msgs/srv/detail/snapshot__functions.c.o[0m
[1.361s] [ 12%] [34m[1mGenerating C++ type support for eProsima Fast-RTPS[0m
[1.362s] [ 16%] [34m[1mGenerating C++ introspection for ROS interfaces[0m
[1.362s] [ 19%] [34m[1mGenerating C++ type support dispatch for ROS interfaces[0m
[1.377s] [ 19%] Built target ament_cmake_python_build_oneday_msgs_egg
[1.405s] [ 22%] [32m[1mLinking C shared library liboneday_msgs__rosidl_generator_c.so[0m
[1.429s] [ 22%] Built target oneday_msgs__rosidl_generator_c
[1.437s] [ 25%] [34m[1mGenerating C type support for eProsima Fast-RTPS[0m
[1.437s] [ 32%] [34m[1mGenerating C introspection for ROS interfaces[0m
[1.437s] [ 32%] [34m[1mGenerating C type support dispatch for ROS interfaces[0m
[1.610s] [ 35%] [32mBuilding CXX object CMakeFiles/oneday_msgs__rosidl_typesupport_fastrtps_cpp.dir/rosidl_typesupport_fastrtps_cpp/oneday_msgs/srv/detail/dds_fastrtps/snapshot__type_support.cpp.o[0m
[1.614s] [ 38%] [32mBuilding C object CMakeFiles/oneday_msgs__rosidl_typesupport_introspection_c.dir/rosidl_typesupport_introspection_c/oneday_msgs/srv/detail/snapshot__type_support.c.o[0m
[1.627s] [ 41%] [32mBuilding CXX object CMakeFiles/oneday_msgs__rosidl_typesupport_cpp.dir/rosidl_typesupport_cpp/oneday_msgs/srv/snapshot__type_support.cpp.o[0m
[1.640s] [ 45%] [32mBuilding CXX object CMakeFiles/oneday_msgs__rosidl_typesupport_fastrtps_c.dir/rosidl_typesupport_fastrtps_c/oneday_msgs/srv/detail/snapshot__type_support_c.cpp.o[0m
[1.646s] [ 48%] [32m[1mLinking C shared library liboneday_msgs__rosidl_typesupport_introspection_c.so[0m
[1.648s] [ 51%] [32mBuilding CXX object CMakeFiles/oneday_msgs__rosidl_typesupport_introspection_cpp.dir/rosidl_typesupport_introspection_cpp/oneday_msgs/srv/detail/snapshot__type_support.cpp.o[0m
[1.668s] [ 54%] [32mBuilding CXX object CMakeFiles/oneday_msgs__rosidl_typesupport_c.dir/rosidl_typesupport_c/oneday_msgs/srv/snapshot__type_support.cpp.o[0m
[1.669s] [ 54%] Built target oneday_msgs__rosidl_typesupport_introspection_c
[1.694s] [ 58%] [32m[1mLinking CXX shared library liboneday_msgs__rosidl_typesupport_c.so[0m
[1.720s] [ 58%] Built target oneday_msgs__rosidl_typesupport_c
[1.855s] [ 61%] [32m[1mLinking CXX shared library liboneday_msgs__rosidl_typesupport_cpp.so[0m
[1.881s] [ 61%] Built target oneday_msgs__rosidl_typesupport_cpp
[1.904s] [ 64%] [32m[1mLinking CXX shared library liboneday_msgs__rosidl_typesupport_fastrtps_c.so[0m
[1.922s] [ 67%] [32m[1mLinking CXX shared library liboneday_msgs__rosidl_typesupport_introspection_cpp.so[0m
[1.944s] [ 70%] [32m[1mLinking CXX shared library liboneday_msgs__rosidl_typesupport_fastrtps_cpp.so[0m
[1.955s] [ 70%] Built target oneday_msgs__rosidl_typesupport_fastrtps_c
[1.967s] [ 70%] Built target oneday_msgs__rosidl_typesupport_introspection_cpp
[1.990s] [ 70%] Built target oneday_msgs__rosidl_typesupport_fastrtps_cpp
[2.003s] [ 70%] Built target oneday_msgs
[2.019s] [ 74%] [34m[1mGenerating Python code for ROS interfaces[0m
[2.233s] [ 74%] Built target oneday_msgs__py
[2.245s] [ 77%] [32mBuilding C object CMakeFiles/oneday_msgs__rosidl_generator_py.dir/rosidl_generator_py/oneday_msgs/srv/_snapshot_s.c.o[0m
[2.326s] [ 80%] [32m[1mLinking C shared library rosidl_generator_py/oneday_msgs/liboneday_msgs__rosidl_generator_py.so[0m
[2.351s] [ 80%] Built target oneday_msgs__rosidl_generator_py
[2.364s] [ 90%] [32mBuilding C object CMakeFiles/oneday_msgs__rosidl_typesupport_introspection_c__pyext.dir/rosidl_generator_py/oneday_msgs/_oneday_msgs_s.ep.rosidl_typesupport_introspection_c.c.o[0m
[2.364s] [ 90%] [32mBuilding C object CMakeFiles/oneday_msgs__rosidl_typesupport_c__pyext.dir/rosidl_generator_py/oneday_msgs/_oneday_msgs_s.ep.rosidl_typesupport_c.c.o[0m
[2.364s] [ 90%] [32mBuilding C object CMakeFiles/oneday_msgs__rosidl_typesupport_fastrtps_c__pyext.dir/rosidl_generator_py/oneday_msgs/_oneday_msgs_s.ep.rosidl_typesupport_fastrtps_c.c.o[0m
[2.423s] [ 96%] [32m[1mLinking C shared library rosidl_generator_py/oneday_msgs/oneday_msgs_s__rosidl_typesupport_c.cpython-310-x86_64-linux-gnu.so[0m
[2.423s] [ 96%] [32m[1mLinking C shared library rosidl_generator_py/oneday_msgs/oneday_msgs_s__rosidl_typesupport_introspection_c.cpython-310-x86_64-linux-gnu.so[0m
[2.423s] [100%] [32m[1mLinking C shared library rosidl_generator_py/oneday_msgs/oneday_msgs_s__rosidl_typesupport_fastrtps_c.cpython-310-x86_64-linux-gnu.so[0m
[2.444s] [100%] Built target oneday_msgs__rosidl_typesupport_c__pyext
[2.445s] [100%] Built target oneday_msgs__rosidl_typesupport_fastrtps_c__pyext
[2.445s] [100%] Built target oneday_msgs__rosidl_typesupport_introspection_c__pyext
[2.451s] Invoked command in '/home/jin/oneday/build/oneday_msgs' returned '0': CMAKE_PREFIX_PATH=/home/jin/oneday/install/oneday:/opt/ros/humble /usr/bin/cmake --build /home/jin/oneday/build/oneday_msgs -- -j8 -l8
[2.490s] Invoking command in '/home/jin/oneday/build/oneday_msgs': CMAKE_PREFIX_PATH=/home/jin/oneday/install/oneday:/opt/ros/humble /usr/bin/cmake --install /home/jin/oneday/build/oneday_msgs
[2.494s] -- Install configuration: ""
[2.495s] -- Installing: /home/jin/oneday/install/oneday_msgs/share/ament_index/resource_index/rosidl_interfaces/oneday_msgs
[2.495s] -- Installing: /home/jin/oneday/install/oneday_msgs/include/oneday_msgs/oneday_msgs
[2.495s] -- Installing: /home/jin/oneday/install/oneday_msgs/include/oneday_msgs/oneday_msgs/msg
[2.495s] -- Installing: /home/jin/oneday/install/oneday_msgs/include/oneday_msgs/oneday_msgs/msg/rosidl_generator_c__visibility_control.h
[2.495s] -- Installing: /home/jin/oneday/install/oneday_msgs/include/oneday_msgs/oneday_msgs/srv
[2.495s] -- Installing: /home/jin/oneday/install/oneday_msgs/include/oneday_msgs/oneday_msgs/srv/detail
[2.495s] -- Installing: /home/jin/oneday/install/oneday_msgs/include/oneday_msgs/oneday_msgs/srv/detail/snapshot__functions.h
[2.495s] -- Installing: /home/jin/oneday/install/oneday_msgs/include/oneday_msgs/oneday_msgs/srv/detail/snapshot__functions.c
[2.495s] -- Installing: /home/jin/oneday/install/oneday_msgs/include/oneday_msgs/oneday_msgs/srv/detail/snapshot__type_support.h
[2.495s] -- Installing: /home/jin/oneday/install/oneday_msgs/include/oneday_msgs/oneday_msgs/srv/detail/snapshot__struct.h
[2.495s] -- Installing: /home/jin/oneday/install/oneday_msgs/include/oneday_msgs/oneday_msgs/srv/snapshot.h
[2.495s] -- Installing: /home/jin/oneday/install/oneday_msgs/share/oneday_msgs/environment/library_path.sh
[2.495s] -- Installing: /home/jin/oneday/install/oneday_msgs/share/oneday_msgs/environment/library_path.dsv
[2.495s] -- Installing: /home/jin/oneday/install/oneday_msgs/lib/liboneday_msgs__rosidl_generator_c.so
[2.495s] -- Set runtime path of "/home/jin/oneday/install/oneday_msgs/lib/liboneday_msgs__rosidl_generator_c.so" to ""
[2.496s] -- Up-to-date: /home/jin/oneday/install/oneday_msgs/include/oneday_msgs/oneday_msgs
[2.496s] -- Up-to-date: /home/jin/oneday/install/oneday_msgs/include/oneday_msgs/oneday_msgs/msg
[2.496s] -- Installing: /home/jin/oneday/install/oneday_msgs/include/oneday_msgs/oneday_msgs/msg/rosidl_typesupport_fastrtps_c__visibility_control.h
[2.496s] -- Up-to-date: /home/jin/oneday/install/oneday_msgs/include/oneday_msgs/oneday_msgs/srv
[2.496s] -- Up-to-date: /home/jin/oneday/install/oneday_msgs/include/oneday_msgs/oneday_msgs/srv/detail
[2.496s] -- Installing: /home/jin/oneday/install/oneday_msgs/include/oneday_msgs/oneday_msgs/srv/detail/snapshot__rosidl_typesupport_fastrtps_c.h
[2.496s] -- Installing: /home/jin/oneday/install/oneday_msgs/lib/liboneday_msgs__rosidl_typesupport_fastrtps_c.so
[2.496s] -- Set runtime path of "/home/jin/oneday/install/oneday_msgs/lib/liboneday_msgs__rosidl_typesupport_fastrtps_c.so" to ""
[2.496s] -- Up-to-date: /home/jin/oneday/install/oneday_msgs/include/oneday_msgs/oneday_msgs
[2.496s] -- Up-to-date: /home/jin/oneday/install/oneday_msgs/include/oneday_msgs/oneday_msgs/msg
[2.496s] -- Installing: /home/jin/oneday/install/oneday_msgs/include/oneday_msgs/oneday_msgs/msg/rosidl_typesupport_introspection_c__visibility_control.h
[2.496s] -- Up-to-date: /home/jin/oneday/install/oneday_msgs/include/oneday_msgs/oneday_msgs/srv
[2.496s] -- Up-to-date: /home/jin/oneday/install/oneday_msgs/include/oneday_msgs/oneday_msgs/srv/detail
[2.496s] -- Installing: /home/jin/oneday/install/oneday_msgs/include/oneday_msgs/oneday_msgs/srv/detail/snapshot__rosidl_typesupport_introspection_c.h
[2.496s] -- Installing: /home/jin/oneday/install/oneday_msgs/include/oneday_msgs/oneday_msgs/srv/detail/snapshot__type_support.c
[2.496s] -- Installing: /home/jin/oneday/install/oneday_msgs/lib/liboneday_msgs__rosidl_typesupport_introspection_c.so
[2.496s] -- Set runtime path of "/home/jin/oneday/install/oneday_msgs/lib/liboneday_msgs__rosidl_typesupport_introspection_c.so" to ""
[2.496s] -- Installing: /home/jin/oneday/install/oneday_msgs/lib/liboneday_msgs__rosidl_typesupport_c.so
[2.496s] -- Set runtime path of "/home/jin/oneday/install/oneday_msgs/lib/liboneday_msgs__rosidl_typesupport_c.so" to ""
[2.496s] -- Up-to-date: /home/jin/oneday/install/oneday_msgs/include/oneday_msgs/oneday_msgs
[2.497s] -- Up-to-date: /home/jin/oneday/install/oneday_msgs/include/oneday_msgs/oneday_msgs/srv
[2.497s] -- Installing: /home/jin/oneday/install/oneday_msgs/include/oneday_msgs/oneday_msgs/srv/snapshot.hpp
[2.497s] -- Up-to-date: /home/jin/oneday/install/oneday_msgs/include/oneday_msgs/oneday_msgs/srv/detail
[2.497s] -- Installing: /home/jin/oneday/install/oneday_msgs/include/oneday_msgs/oneday_msgs/srv/detail/snapshot__traits.hpp
[2.497s] -- Installing: /home/jin/oneday/install/oneday_msgs/include/oneday_msgs/oneday_msgs/srv/detail/snapshot__builder.hpp
[2.497s] -- Installing: /home/jin/oneday/install/oneday_msgs/include/oneday_msgs/oneday_msgs/srv/detail/snapshot__struct.hpp
[2.497s] -- Up-to-date: /home/jin/oneday/install/oneday_msgs/include/oneday_msgs/oneday_msgs
[2.497s] -- Up-to-date: /home/jin/oneday/install/oneday_msgs/include/oneday_msgs/oneday_msgs/msg
[2.497s] -- Installing: /home/jin/oneday/install/oneday_msgs/include/oneday_msgs/oneday_msgs/msg/rosidl_typesupport_fastrtps_cpp__visibility_control.h
[2.497s] -- Up-to-date: /home/jin/oneday/install/oneday_msgs/include/oneday_msgs/oneday_msgs/srv
[2.497s] -- Up-to-date: /home/jin/oneday/install/oneday_msgs/include/oneday_msgs/oneday_msgs/srv/detail
[2.497s] -- Installing: /home/jin/oneday/install/oneday_msgs/include/oneday_msgs/oneday_msgs/srv/detail/snapshot__rosidl_typesupport_fastrtps_cpp.hpp
[2.497s] -- Installing: /home/jin/oneday/install/oneday_msgs/include/oneday_msgs/oneday_msgs/srv/detail/dds_fastrtps
[2.497s] -- Installing: /home/jin/oneday/install/oneday_msgs/lib/liboneday_msgs__rosidl_typesupport_fastrtps_cpp.so
[2.497s] -- Set runtime path of "/home/jin/oneday/install/oneday_msgs/lib/liboneday_msgs__rosidl_typesupport_fastrtps_cpp.so" to ""
[2.497s] -- Up-to-date: /home/jin/oneday/install/oneday_msgs/include/oneday_msgs/oneday_msgs
[2.497s] -- Up-to-date: /home/jin/oneday/install/oneday_msgs/include/oneday_msgs/oneday_msgs/srv
[2.497s] -- Up-to-date: /home/jin/oneday/install/oneday_msgs/include/oneday_msgs/oneday_msgs/srv/detail
[2.497s] -- Installing: /home/jin/oneday/install/oneday_msgs/include/oneday_msgs/oneday_msgs/srv/detail/snapshot__rosidl_typesupport_introspection_cpp.hpp
[2.497s] -- Installing: /home/jin/oneday/install/oneday_msgs/include/oneday_msgs/oneday_msgs/srv/detail/snapshot__type_support.cpp
[2.497s] -- Installing: /home/jin/oneday/install/oneday_msgs/lib/liboneday_msgs__rosidl_typesupport_introspection_cpp.so
[2.498s] -- Set runtime path of "/home/jin/oneday/install/oneday_msgs/lib/liboneday_msgs__rosidl_typesupport_introspection_cpp.so" to ""
[2.498s] -- Installing: /home/jin/oneday/install/oneday_msgs/lib/liboneday_msgs__rosidl_typesupport_cpp.so
[2.498s] -- Set runtime path of "/home/jin/oneday/install/oneday_msgs/lib/liboneday_msgs__rosidl_typesupport_cpp.so" to ""
[2.498s] -- Installing: /home/jin/oneday/install/oneday_msgs/share/oneday_msgs/environment/pythonpath.sh
[2.498s] -- Installing: /home/jin/oneday/install/oneday_msgs/share/oneday_msgs/environment/pythonpath.dsv
[2.498s] -- Installing: /home/jin/oneday/install/oneday_msgs/local/lib/python3.10/dist-packages/oneday_msgs-0.0.0-py3.10.egg-info
[2.498s] -- Installing: /home/jin/oneday/install/oneday_msgs/local/lib/python3.10/dist-packages/oneday_msgs-0.0.0-py3.10.egg-info/top_level.txt
[2.498s] -- Installing: /home/jin/oneday/install/oneday_msgs/local/lib/python3.10/dist-packages/oneday_msgs-0.0.0-py3.10.egg-info/dependency_links.txt
[2.498s] -- Installing: /home/jin/oneday/install/oneday_msgs/local/lib/python3.10/dist-packages/oneday_msgs-0.0.0-py3.10.egg-info/PKG-INFO
[2.498s] -- Installing: /home/jin/oneday/install/oneday_msgs/local/lib/python3.10/dist-packages/oneday_msgs-0.0.0-py3.10.egg-info/SOURCES.txt
[2.498s] -- Installing: /home/jin/oneday/install/oneday_msgs/local/lib/python3.10/dist-packages/oneday_msgs
[2.498s] -- Installing: /home/jin/oneday/install/oneday_msgs/local/lib/python3.10/dist-packages/oneday_msgs/__init__.py
[2.498s] -- Installing: /home/jin/oneday/install/oneday_msgs/local/lib/python3.10/dist-packages/oneday_msgs/srv
[2.498s] -- Installing: /home/jin/oneday/install/oneday_msgs/local/lib/python3.10/dist-packages/oneday_msgs/srv/__init__.py
[2.498s] -- Installing: /home/jin/oneday/install/oneday_msgs/local/lib/python3.10/dist-packages/oneday_msgs/srv/_snapshot.py
[2.498s] -- Installing: /home/jin/oneday/install/oneday_msgs/local/lib/python3.10/dist-packages/oneday_msgs/srv/_snapshot_s.c
[2.498s] -- Installing: /home/jin/oneday/install/oneday_msgs/local/lib/python3.10/dist-packages/oneday_msgs/liboneday_msgs__rosidl_generator_py.so
[2.498s] -- Installing: /home/jin/oneday/install/oneday_msgs/local/lib/python3.10/dist-packages/oneday_msgs/_oneday_msgs_s.ep.rosidl_typesupport_c.c
[2.498s] -- Installing: /home/jin/oneday/install/oneday_msgs/local/lib/python3.10/dist-packages/oneday_msgs/_oneday_msgs_s.ep.rosidl_typesupport_fastrtps_c.c
[2.498s] -- Installing: /home/jin/oneday/install/oneday_msgs/local/lib/python3.10/dist-packages/oneday_msgs/oneday_msgs_s__rosidl_typesupport_c.cpython-310-x86_64-linux-gnu.so
[2.498s] -- Installing: /home/jin/oneday/install/oneday_msgs/local/lib/python3.10/dist-packages/oneday_msgs/oneday_msgs_s__rosidl_typesupport_introspection_c.cpython-310-x86_64-linux-gnu.so
[2.499s] -- Installing: /home/jin/oneday/install/oneday_msgs/local/lib/python3.10/dist-packages/oneday_msgs/oneday_msgs_s__rosidl_typesupport_fastrtps_c.cpython-310-x86_64-linux-gnu.so
[2.499s] -- Installing: /home/jin/oneday/install/oneday_msgs/local/lib/python3.10/dist-packages/oneday_msgs/_oneday_msgs_s.ep.rosidl_typesupport_introspection_c.c
[2.520s] Listing '/home/jin/oneday/install/oneday_msgs/local/lib/python3.10/dist-packages/oneday_msgs'...
[2.520s] Compiling '/home/jin/oneday/install/oneday_msgs/local/lib/python3.10/dist-packages/oneday_msgs/__init__.py'...
[2.520s] Listing '/home/jin/oneday/install/oneday_msgs/local/lib/python3.10/dist-packages/oneday_msgs/srv'...
[2.520s] Compiling '/home/jin/oneday/install/oneday_msgs/local/lib/python3.10/dist-packages/oneday_msgs/srv/__init__.py'...
[2.520s] Compiling '/home/jin/oneday/install/oneday_msgs/local/lib/python3.10/dist-packages/oneday_msgs/srv/_snapshot.py'...
[2.523s] -- Installing: /home/jin/oneday/install/oneday_msgs/local/lib/python3.10/dist-packages/oneday_msgs/oneday_msgs_s__rosidl_typesupport_fastrtps_c.cpython-310-x86_64-linux-gnu.so
[2.523s] -- Set runtime path of "/home/jin/oneday/install/oneday_msgs/local/lib/python3.10/dist-packages/oneday_msgs/oneday_msgs_s__rosidl_typesupport_fastrtps_c.cpython-310-x86_64-linux-gnu.so" to ""
[2.523s] -- Installing: /home/jin/oneday/install/oneday_msgs/local/lib/python3.10/dist-packages/oneday_msgs/oneday_msgs_s__rosidl_typesupport_introspection_c.cpython-310-x86_64-linux-gnu.so
[2.523s] -- Set runtime path of "/home/jin/oneday/install/oneday_msgs/local/lib/python3.10/dist-packages/oneday_msgs/oneday_msgs_s__rosidl_typesupport_introspection_c.cpython-310-x86_64-linux-gnu.so" to ""
[2.523s] -- Installing: /home/jin/oneday/install/oneday_msgs/local/lib/python3.10/dist-packages/oneday_msgs/oneday_msgs_s__rosidl_typesupport_c.cpython-310-x86_64-linux-gnu.so
[2.523s] -- Set runtime path of "/home/jin/oneday/install/oneday_msgs/local/lib/python3.10/dist-packages/oneday_msgs/oneday_msgs_s__rosidl_typesupport_c.cpython-310-x86_64-linux-gnu.so" to ""
[2.523s] -- Installing: /home/jin/oneday/install/oneday_msgs/lib/liboneday_msgs__rosidl_generator_py.so
[2.523s] -- Set runtime path of "/home/jin/oneday/install/oneday_msgs/lib/liboneday_msgs__rosidl_generator_py.so" to ""
[2.523s] -- Installing: /home/jin/oneday/install/oneday_msgs/share/oneday_msgs/srv/Snapshot.idl
[2.523s] -- Installing: /home/jin/oneday/install/oneday_msgs/share/oneday_msgs/srv/Snapshot.srv
[2.523s] -- Installing: /home/jin/oneday/install/oneday_msgs/share/oneday_msgs/srv/Snapshot_Request.msg
[2.523s] -- Installing: /home/jin/oneday/install/oneday_msgs/share/oneday_msgs/srv/Snapshot_Response.msg
[2.524s] -- Installing: /home/jin/oneday/install/oneday_msgs/share/ament_index/resource_index/package_run_dependencies/oneday_msgs
[2.524s] -- Installing: /home/jin/oneday/install/oneday_msgs/share/ament_index/resource_index/parent_prefix_path/oneday_msgs
[2.524s] -- Installing: /home/jin/oneday/install/oneday_msgs/share/oneday_msgs/environment/ament_prefix_path.sh
[2.524s] -- Installing: /home/jin/oneday/install/oneday_msgs/share/oneday_msgs/environment/ament_prefix_path.dsv
[2.524s] -- Installing: /home/jin/oneday/install/oneday_msgs/share/oneday_msgs/environment/path.sh
[2.524s] -- Installing: /home/jin/oneday/install/oneday_msgs/share/oneday_msgs/environment/path.dsv
[2.524s] -- Installing: /home/jin/oneday/install/oneday_msgs/share/oneday_msgs/local_setup.bash
[2.524s] -- Installing: /home/jin/oneday/install/oneday_msgs/share/oneday_msgs/local_setup.sh
[2.524s] -- Installing: /home/jin/oneday/install/oneday_msgs/share/oneday_msgs/local_setup.zsh
[2.524s] -- Installing: /home/jin/oneday/install/oneday_msgs/share/oneday_msgs/local_setup.dsv
[2.524s] -- Installing: /home/jin/oneday/install/oneday_msgs/share/oneday_msgs/package.dsv
[2.524s] -- Installing: /home/jin/oneday/install/oneday_msgs/share/ament_index/resource_index/packages/oneday_msgs
[2.524s] -- Installing: /home/jin/oneday/install/oneday_msgs/share/oneday_msgs/cmake/export_oneday_msgs__rosidl_generator_cExport.cmake
[2.524s] -- Installing: /home/jin/oneday/install/oneday_msgs/share/oneday_msgs/cmake/export_oneday_msgs__rosidl_generator_cExport-noconfig.cmake
[2.524s] -- Installing: /home/jin/oneday/install/oneday_msgs/share/oneday_msgs/cmake/export_oneday_msgs__rosidl_typesupport_fastrtps_cExport.cmake
[2.524s] -- Installing: /home/jin/oneday/install/oneday_msgs/share/oneday_msgs/cmake/export_oneday_msgs__rosidl_typesupport_fastrtps_cExport-noconfig.cmake
[2.525s] -- Installing: /home/jin/oneday/install/oneday_msgs/share/oneday_msgs/cmake/oneday_msgs__rosidl_typesupport_introspection_cExport.cmake
[2.525s] -- Installing: /home/jin/oneday/install/oneday_msgs/share/oneday_msgs/cmake/oneday_msgs__rosidl_typesupport_introspection_cExport-noconfig.cmake
[2.525s] -- Installing: /home/jin/oneday/install/oneday_msgs/share/oneday_msgs/cmake/oneday_msgs__rosidl_typesupport_cExport.cmake
[2.525s] -- Installing: /home/jin/oneday/install/oneday_msgs/share/oneday_msgs/cmake/oneday_msgs__rosidl_typesupport_cExport-noconfig.cmake
[2.525s] -- Installing: /home/jin/oneday/install/oneday_msgs/share/oneday_msgs/cmake/export_oneday_msgs__rosidl_generator_cppExport.cmake
[2.525s] -- Installing: /home/jin/oneday/install/oneday_msgs/share/oneday_msgs/cmake/export_oneday_msgs__rosidl_typesupport_fastrtps_cppExport.cmake
[2.525s] -- Installing: /home/jin/oneday/install/oneday_msgs/share/oneday_msgs/cmake/export_oneday_msgs__rosidl_typesupport_fastrtps_cppExport-noconfig.cmake
[2.525s] -- Installing: /home/jin/oneday/install/oneday_msgs/share/oneday_msgs/cmake/oneday_msgs__rosidl_typesupport_introspection_cppExport.cmake
[2.525s] -- Installing: /home/jin/oneday/install/oneday_msgs/share/oneday_msgs/cmake/oneday_msgs__rosidl_typesupport_introspection_cppExport-noconfig.cmake
[2.525s] -- Installing: /home/jin/oneday/install/oneday_msgs/share/oneday_msgs/cmake/oneday_msgs__rosidl_typesupport_cppExport.cmake
[2.525s] -- Installing: /home/jin/oneday/install/oneday_msgs/share/oneday_msgs/cmake/oneday_msgs__rosidl_typesupport_cppExport-noconfig.cmake
[2.525s] -- Installing: /home/jin/oneday/install/oneday_msgs/share/oneday_msgs/cmake/export_oneday_msgs__rosidl_generator_pyExport.cmake
[2.525s] -- Installing: /home/jin/oneday/install/oneday_msgs/share/oneday_msgs/cmake/export_oneday_msgs__rosidl_generator_pyExport-noconfig.cmake
[2.526s] -- Installing: /home/jin/oneday/install/oneday_msgs/share/oneday_msgs/cmake/rosidl_cmake-extras.cmake
[2.526s] -- Installing: /home/jin/oneday/install/oneday_msgs/share/oneday_msgs/cmake/ament_cmake_export_include_directories-extras.cmake
[2.526s] -- Installing: /home/jin/oneday/install/oneday_msgs/share/oneday_msgs/cmake/ament_cmake_export_libraries-extras.cmake
[2.526s] -- Installing: /home/jin/oneday/install/oneday_msgs/share/oneday_msgs/cmake/ament_cmake_export_targets-extras.cmake
[2.526s] -- Installing: /home/jin/oneday/install/oneday_msgs/share/oneday_msgs/cmake/rosidl_cmake_export_typesupport_targets-extras.cmake
[2.526s] -- Installing: /home/jin/oneday/install/oneday_msgs/share/oneday_msgs/cmake/ament_cmake_export_dependencies-extras.cmake
[2.526s] -- Installing: /home/jin/oneday/install/oneday_msgs/share/oneday_msgs/cmake/rosidl_cmake_export_typesupport_libraries-extras.cmake
[2.526s] -- Installing: /home/jin/oneday/install/oneday_msgs/share/oneday_msgs/cmake/oneday_msgsConfig.cmake
[2.526s] -- Installing: /home/jin/oneday/install/oneday_msgs/share/oneday_msgs/cmake/oneday_msgsConfig-version.cmake
[2.526s] -- Installing: /home/jin/oneday/install/oneday_msgs/share/oneday_msgs/package.xml
[2.528s] Invoked command in '/home/jin/oneday/build/oneday_msgs' returned '0': CMAKE_PREFIX_PATH=/home/jin/oneday/install/oneday:/opt/ros/humble /usr/bin/cmake --install /home/jin/oneday/build/oneday_msgs
