running egg_info
creating ../../build/oneday/oneday.egg-info
writing ../../build/oneday/oneday.egg-info/PKG-INFO
writing dependency_links to ../../build/oneday/oneday.egg-info/dependency_links.txt
writing entry points to ../../build/oneday/oneday.egg-info/entry_points.txt
writing requirements to ../../build/oneday/oneday.egg-info/requires.txt
writing top-level names to ../../build/oneday/oneday.egg-info/top_level.txt
writing manifest file '../../build/oneday/oneday.egg-info/SOURCES.txt'
reading manifest file '../../build/oneday/oneday.egg-info/SOURCES.txt'
writing manifest file '../../build/oneday/oneday.egg-info/SOURCES.txt'
running build
running build_py
creating /home/jin/oneday/build/oneday/build
creating /home/jin/oneday/build/oneday/build/lib
creating /home/jin/oneday/build/oneday/build/lib/oneday
copying oneday/__init__.py -> /home/jin/oneday/build/oneday/build/lib/oneday
copying oneday/img_publisher.py -> /home/jin/oneday/build/oneday/build/lib/oneday
running install
running install_lib
creating /home/jin/oneday/install/oneday/lib/python3.10/site-packages/oneday
copying /home/jin/oneday/build/oneday/build/lib/oneday/__init__.py -> /home/jin/oneday/install/oneday/lib/python3.10/site-packages/oneday
copying /home/jin/oneday/build/oneday/build/lib/oneday/img_publisher.py -> /home/jin/oneday/install/oneday/lib/python3.10/site-packages/oneday
byte-compiling /home/jin/oneday/install/oneday/lib/python3.10/site-packages/oneday/__init__.py to __init__.cpython-310.pyc
byte-compiling /home/jin/oneday/install/oneday/lib/python3.10/site-packages/oneday/img_publisher.py to img_publisher.cpython-310.pyc
running install_data
creating /home/jin/oneday/install/oneday/share/ament_index
creating /home/jin/oneday/install/oneday/share/ament_index/resource_index
creating /home/jin/oneday/install/oneday/share/ament_index/resource_index/packages
copying resource/oneday -> /home/jin/oneday/install/oneday/share/ament_index/resource_index/packages
copying package.xml -> /home/jin/oneday/install/oneday/share/oneday
running install_egg_info
Copying ../../build/oneday/oneday.egg-info to /home/jin/oneday/install/oneday/lib/python3.10/site-packages/oneday-0.0.0-py3.10.egg-info
running install_scripts
Installing img_publisher script to /home/jin/oneday/install/oneday/lib/oneday
writing list of installed files to '/home/jin/oneday/build/oneday/install.log'
