[0.388s] Invoking command in '/home/jin/oneday/src/oneday': PYTHONPATH=/home/jin/oneday/build/oneday/prefix_override:/home/jin/oneday/install/oneday/lib/python3.10/site-packages:${PYTHONPATH} /usr/bin/python3 -W ignore:setup.py install is deprecated setup.py egg_info --egg-base ../../build/oneday build --build-base /home/jin/oneday/build/oneday/build install --record /home/jin/oneday/build/oneday/install.log --single-version-externally-managed install_data
[0.534s] running egg_info
[0.534s] writing ../../build/oneday/oneday.egg-info/PKG-INFO
[0.535s] writing dependency_links to ../../build/oneday/oneday.egg-info/dependency_links.txt
[0.535s] writing entry points to ../../build/oneday/oneday.egg-info/entry_points.txt
[0.535s] writing requirements to ../../build/oneday/oneday.egg-info/requires.txt
[0.535s] writing top-level names to ../../build/oneday/oneday.egg-info/top_level.txt
[0.536s] reading manifest file '../../build/oneday/oneday.egg-info/SOURCES.txt'
[0.536s] writing manifest file '../../build/oneday/oneday.egg-info/SOURCES.txt'
[0.536s] running build
[0.536s] running build_py
[0.536s] running install
[0.536s] running install_lib
[0.537s] running install_data
[0.537s] creating /home/jin/oneday/install/oneday/share/oneday/launch
[0.537s] copying launch/camera.launch.py -> /home/jin/oneday/install/oneday/share/oneday/launch
[0.537s] creating /home/jin/oneday/install/oneday/share/oneday/param
[0.538s] copying param/size.yaml -> /home/jin/oneday/install/oneday/share/oneday/param
[0.538s] running install_egg_info
[0.539s] removing '/home/jin/oneday/install/oneday/lib/python3.10/site-packages/oneday-0.0.0-py3.10.egg-info' (and everything under it)
[0.539s] Copying ../../build/oneday/oneday.egg-info to /home/jin/oneday/install/oneday/lib/python3.10/site-packages/oneday-0.0.0-py3.10.egg-info
[0.539s] running install_scripts
[0.551s] Installing img_publisher script to /home/jin/oneday/install/oneday/lib/oneday
[0.551s] writing list of installed files to '/home/jin/oneday/build/oneday/install.log'
[0.567s] Invoked command in '/home/jin/oneday/src/oneday' returned '0': PYTHONPATH=/home/jin/oneday/build/oneday/prefix_override:/home/jin/oneday/install/oneday/lib/python3.10/site-packages:${PYTHONPATH} /usr/bin/python3 -W ignore:setup.py install is deprecated setup.py egg_info --egg-base ../../build/oneday build --build-base /home/jin/oneday/build/oneday/build install --record /home/jin/oneday/build/oneday/install.log --single-version-externally-managed install_data
